Building DAG of jobs...
Using shell: /usr/bin/bash
Provided remote nodes: 1
Provided resources: mem_mb=1000, mem_mib=954, disk_mb=1000, disk_mib=954, cpus_per_task=1
Select jobs to execute...
Execute 1 jobs...

[Tue Oct 21 17:26:03 2025]
rule summarize:
    input: results/sample2.clean.txt
    output: results/sample2.summary.txt
    jobid: 0
    reason: Forced execution
    wildcards: sample=sample2
    resources: mem_mb=1000, mem_mib=954, disk_mb=1000, disk_mib=954, tmpdir=<TBD>, runtime=60, cpus_per_task=1

Building DAG of jobs...
Using shell: /usr/bin/bash
Provided cores: 2
Rules claiming more threads will be scaled down.
Provided resources: mem_mb=1000, mem_mib=954, disk_mb=1000, disk_mib=954, cpus_per_task=1
Select jobs to execute...
Execute 1 jobs...

[Tue Oct 21 17:26:04 2025]
localrule summarize:
    input: results/sample2.clean.txt
    output: results/sample2.summary.txt
    jobid: 0
    reason: Forced execution
    wildcards: sample=sample2
    resources: mem_mb=1000, mem_mib=954, disk_mb=1000, disk_mib=954, tmpdir=/tmp, runtime=60, cpus_per_task=1

[Tue Oct 21 17:26:04 2025]
Finished job 0.
1 of 1 steps (100%) done
Storing output in storage.
[Tue Oct 21 17:26:04 2025]
Finished job 0.
1 of 1 steps (100%) done
Storing output in storage.
