[15:09:57] This is prokka 1.14.6
[15:09:57] Written by Torsten Seemann <torsten.seemann@gmail.com>
[15:09:57] Homepage is https://github.com/tseemann/prokka
[15:09:57] Local time is Wed Oct 22 15:09:57 2025
[15:09:57] You are mpaauw
[15:09:57] Operating system is linux
[15:09:57] You have BioPerl 1.007002
[15:09:57] System has 64 cores.
[15:09:57] Will use maximum of 8 cores.
[15:09:57] Annotating as >>> Bacteria <<<
[15:09:57] Generating locus_tag from 'data/test/GCA_018394375.1.fna' contents.
[15:09:57] Setting --locustag INPMIPDD from MD5 279629dd9d086143e219d61d435793cd
[15:09:57] Re-using existing --outdir results/prokka/GCA_018394375.1
[15:09:57] Using filename prefix: GCA_018394375.1.XXX
[15:09:57] Setting HMMER_NCPU=1
[15:09:57] Writing log to: results/prokka/GCA_018394375.1/GCA_018394375.1.log
[15:09:57] Command: /zfs/omics/personal/mpaauw/DS/snakemake-practice/.snakemake/conda/8882143c2f692706f9666386a30d3a42_/bin/prokka --force --outdir results/prokka/GCA_018394375.1 --prefix GCA_018394375.1 data/test/GCA_018394375.1.fna
[15:09:57] Appending to PATH: /zfs/omics/personal/mpaauw/DS/snakemake-practice/.snakemake/conda/8882143c2f692706f9666386a30d3a42_/bin
[15:09:57] Looking for 'aragorn' - found /zfs/omics/personal/mpaauw/DS/snakemake-practice/.snakemake/conda/8882143c2f692706f9666386a30d3a42_/bin/aragorn
[15:09:57] Determined aragorn version is 001002 from 'ARAGORN v1.2.38 Dean Laslett'
[15:09:57] Looking for 'barrnap' - found /zfs/omics/personal/mpaauw/DS/snakemake-practice/.snakemake/conda/8882143c2f692706f9666386a30d3a42_/bin/barrnap
[15:09:57] Determined barrnap version is 000009 from 'barrnap 0.9'
[15:09:57] Looking for 'blastp' - found /zfs/omics/personal/mpaauw/DS/snakemake-practice/.snakemake/conda/8882143c2f692706f9666386a30d3a42_/bin/blastp
[15:09:58] Determined blastp version is 002011 from 'blastp: 2.11.0+'
[15:09:58] Looking for 'cmpress' - found /zfs/omics/personal/mpaauw/DS/snakemake-practice/.snakemake/conda/8882143c2f692706f9666386a30d3a42_/bin/cmpress
[15:09:58] Determined cmpress version is 001001 from '# INFERNAL 1.1.3 (Nov 2019)'
[15:09:58] Looking for 'cmscan' - found /zfs/omics/personal/mpaauw/DS/snakemake-practice/.snakemake/conda/8882143c2f692706f9666386a30d3a42_/bin/cmscan
[15:09:58] Determined cmscan version is 001001 from '# INFERNAL 1.1.3 (Nov 2019)'
[15:09:58] Looking for 'egrep' - found /usr/bin/egrep
[15:09:58] Looking for 'find' - found /usr/bin/find
[15:09:58] Looking for 'grep' - found /usr/bin/grep
[15:09:58] Looking for 'hmmpress' - found /zfs/omics/personal/mpaauw/DS/snakemake-practice/.snakemake/conda/8882143c2f692706f9666386a30d3a42_/bin/hmmpress
[15:09:58] Determined hmmpress version is 003003 from '# HMMER 3.3.2 (Nov 2020); http://hmmer.org/'
[15:09:58] Looking for 'hmmscan' - found /zfs/omics/personal/mpaauw/DS/snakemake-practice/.snakemake/conda/8882143c2f692706f9666386a30d3a42_/bin/hmmscan
[15:09:58] Determined hmmscan version is 003003 from '# HMMER 3.3.2 (Nov 2020); http://hmmer.org/'
[15:09:58] Looking for 'java' - found /zfs/omics/personal/mpaauw/DS/snakemake-practice/.snakemake/conda/8882143c2f692706f9666386a30d3a42_/bin/java
[15:09:58] Looking for 'makeblastdb' - found /zfs/omics/personal/mpaauw/DS/snakemake-practice/.snakemake/conda/8882143c2f692706f9666386a30d3a42_/bin/makeblastdb
[15:09:59] Determined makeblastdb version is 002011 from 'makeblastdb: 2.11.0+'
[15:09:59] Looking for 'minced' - found /zfs/omics/personal/mpaauw/DS/snakemake-practice/.snakemake/conda/8882143c2f692706f9666386a30d3a42_/bin/minced
[15:09:59] Determined minced version is 004002 from 'minced 0.4.2'
[15:09:59] Looking for 'parallel' - found /zfs/omics/personal/mpaauw/DS/snakemake-practice/.snakemake/conda/8882143c2f692706f9666386a30d3a42_/bin/parallel
[15:09:59] Determined parallel version is 20210222 from 'GNU parallel 20210222'
[15:09:59] Looking for 'prodigal' - found /zfs/omics/personal/mpaauw/DS/snakemake-practice/.snakemake/conda/8882143c2f692706f9666386a30d3a42_/bin/prodigal
[15:09:59] Determined prodigal version is 002006 from 'Prodigal V2.6.3: February, 2016'
[15:09:59] Looking for 'prokka-genbank_to_fasta_db' - found /zfs/omics/personal/mpaauw/DS/snakemake-practice/.snakemake/conda/8882143c2f692706f9666386a30d3a42_/bin/prokka-genbank_to_fasta_db
[15:09:59] Looking for 'sed' - found /usr/bin/sed
[15:09:59] Looking for 'signalp' - found /zfs/omics/software/bin/signalp
[15:09:59] Determined signalp version is 005000 from '5.0 86_64'
[15:09:59] Looking for 'tbl2asn' - found /zfs/omics/personal/mpaauw/DS/snakemake-practice/.snakemake/conda/8882143c2f692706f9666386a30d3a42_/bin/tbl2asn
[15:09:59] Determined tbl2asn version is 025007 from 'tbl2asn 25.7   arguments:'
[15:09:59] Using genetic code table 11.
[15:09:59] Loading and checking input file: data/test/GCA_018394375.1.fna
[15:09:59] Wrote 2 contigs totalling 5868373 bp.
[15:09:59] Predicting tRNAs and tmRNAs
[15:09:59] Running: aragorn -l -gc11  -w results\/prokka\/GCA_018394375\.1\/GCA_018394375\.1\.fna
[15:10:02] 1 tRNA-Leu c[5052,5146] 34 (caa)
[15:10:02] 2 tRNA-Arg [25579,25655] 35 (ccg)
[15:10:02] 3 tRNA-Val c[518204,518282] 36 (gac)
[15:10:02] 4 tRNA-Leu c[594934,595020] 35 (cag)
[15:10:02] 5 tRNA-Leu c[595181,595267] 35 (cag)
[15:10:02] 6 tRNA-Ile [700889,700965] 35 (gat)
[15:10:02] 7 tRNA-Ala [701020,701095] 34 (tgc)
[15:10:02] 8 tRNA-Asn [758419,758494] 34 (gtt)
[15:10:02] 9 tRNA-Pro [758524,758600] 35 (tgg)
[15:10:02] 10 tRNA-Lys [758606,758681] 34 (ttt)
[15:10:02] 11 tRNA-Pro [758777,758853] 35 (tgg)
[15:10:02] 12 tRNA-Ile [918015,918091] 35 (gat)
[15:10:02] 13 tRNA-Ala [918146,918221] 34 (tgc)
[15:10:02] 14 tRNA-Met c[985888,985964] 35 (cat)
[15:10:02] 15 tRNA-Gln c[1033918,1033992] 33 (ttg)
[15:10:02] 16 tRNA-Leu c[1330771,1330855] 35 (caa)
[15:10:02] 17 tRNA-Met c[1526205,1526281] 35 (cat)
[15:10:02] 18 tRNA-Met c[1526584,1526660] 35 (cat)
[15:10:02] 19 tRNA-Lys [1548502,1548577] 34 (ttt)
[15:10:02] 20 tRNA-Ser [1562987,1563076] 35 (cga)
[15:10:02] 21 tRNA-Val [1601090,1601165] 34 (tac)
[15:10:02] 22 tRNA-Asp [1601187,1601263] 35 (gtc)
[15:10:02] 23 tRNA-Val [1678632,1678707] 34 (tac)
[15:10:02] 24 tRNA-Asp [1678787,1678863] 35 (gtc)
[15:10:02] 25 tRNA-Asp [1678979,1679055] 35 (gtc)
[15:10:02] 26 tRNA-Glu [1690197,1690283] 38 (ttc)
[15:10:02] 27 tRNA-Arg [1766220,1766296] 35 (tct)
[15:10:02] 28 tRNA-His [1766348,1766423] 34 (gtg)
[15:10:02] 29 tRNA-Leu [1766480,1766564] 35 (tag)
[15:10:02] 30 tRNA-Ser c[1943664,1943753] 35 (gga)
[15:10:02] 31 tRNA-Ala [2099742,2099817] 34 (ggc)
[15:10:02] 32 tRNA-Glu [2099906,2099981] 35 (ttc)
[15:10:02] 33 tRNA-Ala [2100033,2100108] 34 (ggc)
[15:10:02] 34 tRNA-Glu [2100155,2100230] 35 (ttc)
[15:10:02] 35 tRNA-Pro [2323510,2323586] 35 (ggg)
[15:10:02] 36 tRNA-Val [2573116,2573192] 35 (gac)
[15:10:02] 37 tRNA-Val [2574406,2574482] 35 (gac)
[15:10:02] 38 tRNA-Leu [2978737,2978822] 35 (taa)
[15:10:02] 39 tRNA-Cys c[2990056,2990129] 33 (gca)
[15:10:02] 40 tRNA-Gly c[3033687,3033762] 34 (gcc)
[15:10:02] 41 tRNA-Asn c[3341663,3341738] 34 (gtt)
[15:10:02] 42 tRNA-Ser [3428171,3428258] 35 (tga)
[15:10:02] 43 tRNA-Ala c[3487213,3487288] 34 (tgc)
[15:10:02] 44 tRNA-Ile c[3487343,3487419] 35 (gat)
[15:10:02] 45 tRNA-Arg c[3889436,3889512] 35 (cct)
[15:10:02] 46 tRNA-Arg c[3893538,3893614] 35 (acg)
[15:10:02] 47 tRNA-Arg c[3893702,3893778] 35 (acg)
[15:10:02] 48 tRNA-Ser c[3893888,3893978] 35 (gct)
[15:10:02] 49 tRNA-Gly c[3953393,3953468] 34 (gcc)
[15:10:02] 50 tRNA-Glu c[3953473,3953548] 35 (ttc)
[15:10:02] 51 tRNA-Gly c[3953649,3953724] 34 (gcc)
[15:10:02] 52 tRNA-Glu c[3953727,3953802] 35 (ttc)
[15:10:02] 53 tRNA-Gly [4386180,4386253] 33 (ccc)
[15:10:02] 54 tRNA-Asn c[4586626,4586695] 33 (gtt)
[15:10:02] 55 tRNA-Met c[4621992,4622068] 35 (cat)
[15:10:02] 56 tRNA-Leu c[4622164,4622249] 35 (gag)
[15:10:02] 57 tmRNA [4645579,4645970] 97,138 ANDETYGEYALAA*
[15:10:02] 58 tRNA-Trp c[5000129,5000204] 34 (cca)
[15:10:02] 59 tRNA-Thr c[5000370,5000445] 34 (ggt)
[15:10:02] 60 tRNA-Gly c[5000472,5000545] 33 (tcc)
[15:10:02] 61 tRNA-Tyr c[5000570,5000654] 35 (gta)
[15:10:02] 62 tRNA-Ala c[5006490,5006565] 34 (tgc)
[15:10:02] 63 tRNA-Ile c[5006620,5006696] 35 (gat)
[15:10:02] 64 tRNA-Met [5099472,5099548] 35 (cat)
[15:10:02] 65 tRNA-Phe [5404114,5404189] 34 (gaa)
[15:10:02] 66 tRNA-Thr [5419527,5419602] 34 (tgt)
[15:10:02] 67 tRNA-Ala c[5532122,5532197] 34 (tgc)
[15:10:02] 68 tRNA-Ile c[5532252,5532328] 35 (gat)
[15:10:02] Found 68 tRNAs
[15:10:02] Predicting Ribosomal RNAs
[15:10:02] Running Barrnap with 8 threads
[15:10:04] 1 CP074578.1 699271 16S ribosomal RNA
[15:10:04] 2 CP074578.1 701340 23S ribosomal RNA
[15:10:04] 3 CP074578.1 704392 5S ribosomal RNA
[15:10:04] 4 CP074578.1 916397 16S ribosomal RNA
[15:10:04] 5 CP074578.1 918466 23S ribosomal RNA
[15:10:04] 6 CP074578.1 921518 5S ribosomal RNA
[15:10:04] 7 CP074578.1 3483807 5S ribosomal RNA
[15:10:04] 8 CP074578.1 3484078 23S ribosomal RNA
[15:10:04] 9 CP074578.1 3487504 16S ribosomal RNA
[15:10:04] 10 CP074578.1 5003084 5S ribosomal RNA
[15:10:04] 11 CP074578.1 5003355 23S ribosomal RNA
[15:10:04] 12 CP074578.1 5006781 16S ribosomal RNA
[15:10:04] 13 CP074578.1 5528493 5S ribosomal RNA
[15:10:04] 14 CP074578.1 5528716 5S ribosomal RNA
[15:10:04] 15 CP074578.1 5528987 23S ribosomal RNA
[15:10:04] 16 CP074578.1 5532413 16S ribosomal RNA
[15:10:04] Found 16 rRNAs
[15:10:04] Skipping ncRNA search, enable with --rfam if desired.
[15:10:04] Total of 83 tRNA + rRNA features
[15:10:04] Searching for CRISPR repeats
[15:10:04] Found 0 CRISPRs
[15:10:04] Predicting coding sequences
[15:10:04] Contigs total 5868373 bp, so using single mode
[15:10:04] Running: prodigal -i results\/prokka\/GCA_018394375\.1\/GCA_018394375\.1\.fna -c -m -g 11 -p single -f sco -q
[15:10:15] Excluding CDS which overlaps existing RNA (tRNA) at CP074578.1:4900..5784 on + strand
[15:10:15] Excluding CDS which overlaps existing RNA (tRNA) at CP074578.1:24163..25629 on - strand
[15:10:15] Excluding CDS which overlaps existing RNA (tRNA) at CP074578.1:517870..518676 on + strand
[15:10:15] Excluding CDS which overlaps existing RNA (rRNA) at CP074578.1:700607..700855 on - strand
[15:10:16] Excluding CDS which overlaps existing RNA (rRNA) at CP074578.1:917733..917981 on - strand
[15:10:16] Excluding CDS which overlaps existing RNA (tRNA) at CP074578.1:1689780..1690988 on + strand
[15:10:18] Excluding CDS which overlaps existing RNA (rRNA) at CP074578.1:3487453..3487701 on + strand
[15:10:19] Excluding CDS which overlaps existing RNA (tRNA) at CP074578.1:4586078..4587424 on - strand
[15:10:19] Excluding CDS which overlaps existing RNA (rRNA) at CP074578.1:5006730..5006978 on + strand
[15:10:20] Excluding CDS which overlaps existing RNA (rRNA) at CP074578.1:5532362..5532610 on + strand
[15:10:20] Found 5111 CDS
[15:10:20] Connecting features back to sequences
[15:10:20] Not using genus-specific database. Try --usegenus to enable it.
[15:10:20] Annotating CDS, please be patient.
[15:10:20] Will use 8 CPUs for similarity searching.
[15:10:21] There are still 5111 unannotated CDS left (started with 5111)
[15:10:21] Will use blast to search against /zfs/omics/personal/mpaauw/DS/snakemake-practice/.snakemake/conda/8882143c2f692706f9666386a30d3a42_/db/kingdom/Bacteria/IS with 8 CPUs
[15:10:21] Running: cat results\/prokka\/GCA_018394375\.1\/GCA_018394375\.1\.IS\.tmp\.1583209\.faa | parallel --gnu --plain -j 8 --block 109561 --recstart '>' --pipe blastp -query - -db /zfs/omics/personal/mpaauw/DS/snakemake-practice/.snakemake/conda/8882143c2f692706f9666386a30d3a42_/db/kingdom/Bacteria/IS -evalue 1e-30 -qcov_hsp_perc 90 -num_threads 1 -num_descriptions 1 -num_alignments 1 -seg no > results\/prokka\/GCA_018394375\.1\/GCA_018394375\.1\.IS\.tmp\.1583209\.blast 2> /dev/null
[15:10:39] Deleting unwanted file: results/prokka/GCA_018394375.1/GCA_018394375.1.IS.tmp.1583209.faa
[15:10:39] Deleting unwanted file: results/prokka/GCA_018394375.1/GCA_018394375.1.IS.tmp.1583209.blast
[15:10:40] There are still 5081 unannotated CDS left (started with 5111)
[15:10:40] Will use blast to search against /zfs/omics/personal/mpaauw/DS/snakemake-practice/.snakemake/conda/8882143c2f692706f9666386a30d3a42_/db/kingdom/Bacteria/AMR with 8 CPUs
[15:10:40] Running: cat results\/prokka\/GCA_018394375\.1\/GCA_018394375\.1\.AMR\.tmp\.1583209\.faa | parallel --gnu --plain -j 8 --block 108966 --recstart '>' --pipe blastp -query - -db /zfs/omics/personal/mpaauw/DS/snakemake-practice/.snakemake/conda/8882143c2f692706f9666386a30d3a42_/db/kingdom/Bacteria/AMR -evalue 9.99999999999999e-301 -qcov_hsp_perc 90 -num_threads 1 -num_descriptions 1 -num_alignments 1 -seg no > results\/prokka\/GCA_018394375\.1\/GCA_018394375\.1\.AMR\.tmp\.1583209\.blast 2> /dev/null
[15:10:55] Deleting unwanted file: results/prokka/GCA_018394375.1/GCA_018394375.1.AMR.tmp.1583209.faa
[15:10:55] Deleting unwanted file: results/prokka/GCA_018394375.1/GCA_018394375.1.AMR.tmp.1583209.blast
[15:10:56] There are still 5080 unannotated CDS left (started with 5111)
[15:10:56] Will use blast to search against /zfs/omics/personal/mpaauw/DS/snakemake-practice/.snakemake/conda/8882143c2f692706f9666386a30d3a42_/db/kingdom/Bacteria/sprot with 8 CPUs
[15:10:56] Running: cat results\/prokka\/GCA_018394375\.1\/GCA_018394375\.1\.sprot\.tmp\.1583209\.faa | parallel --gnu --plain -j 8 --block 108899 --recstart '>' --pipe blastp -query - -db /zfs/omics/personal/mpaauw/DS/snakemake-practice/.snakemake/conda/8882143c2f692706f9666386a30d3a42_/db/kingdom/Bacteria/sprot -evalue 1e-09 -qcov_hsp_perc 80 -num_threads 1 -num_descriptions 1 -num_alignments 1 -seg no > results\/prokka\/GCA_018394375\.1\/GCA_018394375\.1\.sprot\.tmp\.1583209\.blast 2> /dev/null
[15:12:05] Modify product: Probable RNA polymerase sigma factor FecI => putative RNA polymerase sigma factor FecI
[15:12:05] Modify product: Probable alginate O-acetylase AlgJ => putative alginate O-acetylase AlgJ
[15:12:05] Modify product: Probable sugar-binding periplasmic protein => putative sugar-binding periplasmic protein
[15:12:05] Modify product: Probable fimbrial chaperone YadV => putative fimbrial chaperone YadV
[15:12:05] Modify product: Probable fimbrial chaperone YadV => putative fimbrial chaperone YadV
[15:12:05] Modify product: Purine-binding protein BAB2_0673 => Purine-binding protein
[15:12:05] Modify product: UPF0070 protein HI_0370 => hypothetical protein
[15:12:05] Modify product: GTP cyclohydrolase 1 type 2 homolog => GTP cyclohydrolase 1 type 2 
[15:12:05] Modify product: UPF0053 protein HI_0107 => hypothetical protein
[15:12:05] Modify product: Uncharacterized protein YaeQ => putative protein YaeQ
[15:12:05] Modify product: Probable biofilm formation methyltransferase WspC => putative biofilm formation methyltransferase WspC
[15:12:05] Modify product: Uncharacterized oxidoreductase CzcO => putative oxidoreductase CzcO
[15:12:05] Modify product: Probable ABC transporter-binding protein DR_1438 => putative ABC transporter-binding protein
[15:12:05] Modify product: UPF0702 transmembrane protein YetF => hypothetical protein
[15:12:05] Modify product: Probable succinyl-diaminopimelate desuccinylase => putative succinyl-diaminopimelate desuccinylase
[15:12:05] Modify product: Uncharacterized metal-dependent hydrolase YjjV => putative metal-dependent hydrolase YjjV
[15:12:05] Modify product: Uncharacterized protein Rv2004c => putative protein
[15:12:05] Modify product: Uncharacterized protein YedJ => putative protein YedJ
[15:12:05] Modify product: Acetyltransferase Atu2258 => Acetyltransferase
[15:12:05] Modify product: Probable hydrolase YcaC => putative hydrolase YcaC
[15:12:05] Modify product: Uncharacterized protein YphB => putative protein YphB
[15:12:05] Modify product: Solute-binding protein Csal_2479 => Solute-binding protein
[15:12:05] Modify product: Epimerase family protein SA0724 => Epimerase family protein
[15:12:05] Modify product: Probable amino-acid ABC transporter-binding protein HI_1080 => putative amino-acid ABC transporter-binding protein
[15:12:05] Modify product: Uncharacterized protein PA3922 => putative protein
[15:12:05] Modify product: Cyclic di-GMP phosphodiesterase PA4108 => Cyclic di-GMP phosphodiesterase
[15:12:05] Modify product: Purine-binding protein BAB2_0673 => Purine-binding protein
[15:12:05] Modify product: Probable lipoprotein YiaD => putative lipoprotein YiaD
[15:12:05] Modify product: Probable acyltransferase YihG => putative acyltransferase YihG
[15:12:05] Modify product: Uncharacterized protein PA3435 => putative protein
[15:12:05] Modify product: Putative short-chain type dehydrogenase/reductase Rv0148 => Putative short-chain type dehydrogenase/reductase
[15:12:05] Modify product: Uncharacterized protein HI_1349 => putative protein
[15:12:05] Modify product: Uncharacterized protein Rv1507c => putative protein
[15:12:05] Modify product: Virulence protein STM3117 => Virulence protein
[15:12:05] Modify product: Probable phosphatase Rv3661 => putative phosphatase
[15:12:05] Modify product: Probable M18 family aminopeptidase 2 => putative M18 family aminopeptidase 2
[15:12:05] Modify product: Uncharacterized ABC transporter ATP-binding protein YadG => putative ABC transporter ATP-binding protein YadG
[15:12:05] Modify product: UPF0434 protein PFL_1779 => hypothetical protein
[15:12:05] Modify product: Uncharacterized protein Rv2232 => putative protein
[15:12:05] Modify product: Uncharacterized metal-dependent hydrolase YcfH => putative metal-dependent hydrolase YcfH
[15:12:05] Modify product: USG-1 protein homolog => USG-1 protein 
[15:12:05] Modify product: Uncharacterized HTH-type transcriptional regulator Rv1395 => putative HTH-type transcriptional regulator
[15:12:05] Modify product: UPF0719 inner membrane protein YjfL => hypothetical protein
[15:12:05] Modify product: Uncharacterized protein PA3922 => putative protein
[15:12:05] Modify product: Probable manganese efflux pump MntP => putative manganese efflux pump MntP
[15:12:05] Modify product: Bifunctional protein FolD => Bifunctional protein FolD protein
[15:12:05] Modify product: Uncharacterized ABC transporter ATP-binding protein YejF => putative ABC transporter ATP-binding protein YejF
[15:12:05] Modify product: Uncharacterized oxidoreductase MSMEG_2408/MSMEI_2347 => putative oxidoreductase/MSMEI_2347
[15:12:05] Modify product: Uncharacterized ABC transporter ATP-binding protein YejF => putative ABC transporter ATP-binding protein YejF
[15:12:05] Modify product: Probable GTP-binding protein EngB => putative GTP-binding protein EngB
[15:12:05] Modify product: Probable binding protein component of ABC iron transporter PA5217 => putative binding protein component of ABC iron transporter
[15:12:05] Modify product: UPF0758 protein YsxA => hypothetical protein
[15:12:05] Modify product: UPF0701 protein HI_0467 => hypothetical protein
[15:12:05] Modify product: Probable cysteine desulfurase => putative cysteine desulfurase
[15:12:05] Modify product: Probable transporter SCO4007 => putative transporter
[15:12:05] Modify product: Probable amino-acid metabolite efflux pump => putative amino-acid metabolite efflux pump
[15:12:05] Modify product: Uncharacterized oxidoreductase SA2266 => putative oxidoreductase
[15:12:05] Modify product: Probable FMNH2-dependent monooxygenase SfnC => putative FMNH2-dependent monooxygenase SfnC
[15:12:05] Modify product: Probable FMNH2-dependent monooxygenase SfnC => putative FMNH2-dependent monooxygenase SfnC
[15:12:05] Modify product: Probable protein kinase UbiB => putative protein kinase UbiB
[15:12:05] Modify product: Probable transcriptional regulatory protein pdtaR => putative transcriptional regulatory protein pdtaR
[15:12:05] Modify product: Uncharacterized protein HI_0341 => putative protein
[15:12:05] Modify product: Uncharacterized protein YqjD => putative protein YqjD
[15:12:05] Modify product: Bifunctional protein FolD => Bifunctional protein FolD protein
[15:12:05] Modify product: Uncharacterized protein HI_1624 => putative protein
[15:12:05] Modify product: Uncharacterized MFS-type transporter Rv2456c => putative MFS-type transporter
[15:12:05] Modify product: Probable transcriptional regulator PhnF => putative transcriptional regulator PhnF
[15:12:05] Modify product: Probable D,D-dipeptide transport ATP-binding protein DdpF => putative D,D-dipeptide transport ATP-binding protein DdpF
[15:12:06] Modify product: UPF0053 inner membrane protein YoaE => hypothetical protein
[15:12:06] Modify product: Uncharacterized periplasmic iron-binding protein HI_0362 => putative periplasmic iron-binding protein
[15:12:06] Modify product: UPF0073 inner membrane protein YqfA => hypothetical protein
[15:12:06] Modify product: Cytochrome b561 homolog 2 => Cytochrome b561 
[15:12:06] Modify product: UPF0301 protein AlgH => hypothetical protein
[15:12:06] Modify product: Putative hydro-lyase PSPTO_5379 => Putative hydro-lyase
[15:12:06] Modify product: Uncharacterized protein HI_0933 => putative protein
[15:12:06] Modify product: Probable FAD-dependent oxidoreductase PA4991 => putative FAD-dependent oxidoreductase
[15:12:06] Modify product: Multidrug transporter PA4990 => Multidrug transporter
[15:12:06] Modify product: UPF0126 inner membrane protein YicG => hypothetical protein
[15:12:06] Modify product: Uncharacterized protein Rv2567 => putative protein
[15:12:06] Modify product: Uncharacterized protein Rv2569c => putative protein
[15:12:06] Modify product: Phosphorylated carbohydrates phosphatase TM_1254 => Phosphorylated carbohydrates phosphatase
[15:12:06] Modify product: Probable enoyl-CoA hydratase 1 => putative enoyl-CoA hydratase 1
[15:12:06] Modify product: Zinc-type alcohol dehydrogenase-like protein SA1988 => Zinc-type alcohol dehydrogenase-like protein
[15:12:06] Modify product: Purine-binding protein BAB2_0673 => Purine-binding protein
[15:12:06] Modify product: Probable ABC transporter phosphite binding protein PhnD1 => putative ABC transporter phosphite binding protein PhnD1
[15:12:06] Modify product: Probable lipid II flippase MurJ => putative lipid II flippase MurJ
[15:12:06] Modify product: Probable amino-acid metabolite efflux pump => putative amino-acid metabolite efflux pump
[15:12:06] Modify product: Probable xanthine dehydrogenase subunit D => putative xanthine dehydrogenase subunit D
[15:12:06] Modify product: Uncharacterized protein Rv2568c => putative protein
[15:12:06] Modify product: Putative multidrug export ATP-binding/permease protein SAV1866 => Putative multidrug export ATP-binding/permease protein
[15:12:06] Modify product: Uncharacterized amino acid permease YhdG => putative amino acid permease YhdG
[15:12:06] Modify product: Probable murein peptide carboxypeptidase => putative murein peptide carboxypeptidase
[15:12:06] Modify product: Probable DNA endonuclease SmrA => putative DNA endonuclease SmrA
[15:12:06] Modify product: Probable 3-phenylpropionic acid transporter => putative 3-phenylpropionic acid transporter
[15:12:06] Modify product: Uncharacterized protein Rv2411c => putative protein
[15:12:06] Modify product: Uncharacterized protein Rv2569c => putative protein
[15:12:06] Modify product: Probable L-galactonate transporter => putative L-galactonate transporter
[15:12:06] Modify product: Uncharacterized protein Rv1998c => putative protein
[15:12:06] Modify product: Probable 2-dehydro-3-deoxygalactonokinase DgoK1 => putative 2-dehydro-3-deoxygalactonokinase DgoK1
[15:12:06] Modify product: UPF0153 protein YeiW => hypothetical protein
[15:12:06] Modify product: Putative esterase PA1618 => Putative esterase
[15:12:06] Modify product: Probable fimbrial chaperone YadV => putative fimbrial chaperone YadV
[15:12:06] Modify product: Shikimate dehydrogenase-like protein HI_0607 => Shikimate dehydrogenase-like protein
[15:12:06] Modify product: UPF0502 protein PSPTO_2686 => hypothetical protein
[15:12:06] Modify product: UPF0053 inner membrane protein YoaE => hypothetical protein
[15:12:06] Modify product: Probable membrane transporter protein YfcA => putative membrane transporter protein YfcA
[15:12:06] Modify product: Probable protease SohB => putative protease SohB
[15:12:06] Modify product: Uncharacterized signaling protein PA1727 => putative signaling protein
[15:12:06] Modify product: Uncharacterized oxidoreductase YgfF => putative oxidoreductase YgfF
[15:12:06] Modify product: Uncharacterized MFS-type transporter YhhS => putative MFS-type transporter YhhS
[15:12:06] Modify product: Uncharacterized ABC transporter ATP-binding protein YbiT => putative ABC transporter ATP-binding protein YbiT
[15:12:06] Modify product: Uncharacterized protein HI_1163 => putative protein
[15:12:06] Modify product: Probable D,D-dipeptide transport system permease protein DdpC => putative D,D-dipeptide transport system permease protein DdpC
[15:12:06] Modify product: Probable RNA polymerase sigma factor FecI => putative RNA polymerase sigma factor FecI
[15:12:06] Modify product: Probable siderophore-binding lipoprotein YfiY => putative siderophore-binding lipoprotein YfiY
[15:12:06] Modify product: Probable siderophore transport system permease protein YfiZ => putative siderophore transport system permease protein YfiZ
[15:12:06] Modify product: Probable siderophore transport system permease protein YfhA => putative siderophore transport system permease protein YfhA
[15:12:06] Modify product: Probable siderophore transport system ATP-binding protein YusV => putative siderophore transport system ATP-binding protein YusV
[15:12:06] Modify product: Probable 4-deoxy-4-formamido-L-arabinose-phosphoundecaprenol deformylase ArnD => putative 4-deoxy-4-formamido-L-arabinose-phosphoundecaprenol deformylase ArnD
[15:12:06] Modify product: Probable 4-amino-4-deoxy-L-arabinose-phosphoundecaprenol flippase subunit ArnE => putative 4-amino-4-deoxy-L-arabinose-phosphoundecaprenol flippase subunit ArnE
[15:12:06] Modify product: Probable 4-amino-4-deoxy-L-arabinose-phosphoundecaprenol flippase subunit ArnF => putative 4-amino-4-deoxy-L-arabinose-phosphoundecaprenol flippase subunit ArnF
[15:12:06] Modify product: Uncharacterized HTH-type transcriptional regulator YahB => putative HTH-type transcriptional regulator YahB
[15:12:06] Modify product: Probable copper-importing P-type ATPase A => putative copper-importing P-type ATPase A
[15:12:06] Modify product: STAS-domain containing protein PA14_20770 => STAS-domain containing protein
[15:12:06] Modify product: Uncharacterized ABC transporter ATP-binding protein YknY => putative ABC transporter ATP-binding protein YknY
[15:12:06] Modify product: Uncharacterized protein Rv3292 => putative protein
[15:12:06] Modify product: Probable zinc-binding alcohol dehydrogenase Rv1895 => putative zinc-binding alcohol dehydrogenase
[15:12:06] Modify product: Probable allantoin permease => putative allantoin permease
[15:12:06] Modify product: Zinc-type alcohol dehydrogenase-like protein SA1988 => Zinc-type alcohol dehydrogenase-like protein
[15:12:06] Modify product: Uncharacterized MFS-type transporter YhhS => putative MFS-type transporter YhhS
[15:12:06] Modify product: Uncharacterized protein YciO => putative protein YciO
[15:12:06] Modify product: Probable intracellular septation protein A => putative intracellular septation protein A
[15:12:06] Modify product: Uncharacterized protein HI_1008 => putative protein
[15:12:06] Modify product: Probable undecaprenyl-phosphate N-acetylglucosaminyl 1-phosphate transferase => putative undecaprenyl-phosphate N-acetylglucosaminyl 1-phosphate transferase
[15:12:06] Modify product: Ribonuclease TTHA0252 => Ribonuclease
[15:12:06] Modify product: Uncharacterized protein Rv2575 => putative protein
[15:12:06] Modify product: Acetyltransferase PA3944 => Acetyltransferase
[15:12:06] Modify product: Uncharacterized inner membrane transporter YedA => putative inner membrane transporter YedA
[15:12:06] Modify product: Probable nicotinate-nucleotide adenylyltransferase => putative nicotinate-nucleotide adenylyltransferase
[15:12:06] Modify product: Uncharacterized Nudix hydrolase YfcD => putative Nudix hydrolase YfcD
[15:12:06] Modify product: Uncharacterized protein YciH => putative protein YciH
[15:12:06] Modify product: UPF0056 inner membrane protein MarC => hypothetical protein
[15:12:06] Modify product: Uncharacterized ABC transporter ATP-binding protein YknY => putative ABC transporter ATP-binding protein YknY
[15:12:06] Modify product: Uncharacterized oxidoreductase Rv0945 => putative oxidoreductase
[15:12:06] Modify product: Uncharacterized HTH-type transcriptional regulator CBU_1416 => putative HTH-type transcriptional regulator
[15:12:07] Modify product: Stress response UPF0229 protein YhbH => hypothetical protein
[15:12:07] Modify product: Probable transcriptional regulatory protein aq_1575 => putative transcriptional regulatory protein
[15:12:07] Modify product: Probable enoyl-CoA hydratase echA8 => putative enoyl-CoA hydratase echA8
[15:12:07] Modify product: Uncharacterized symporter YodF => putative symporter YodF
[15:12:07] Modify product: Putative hydrolase MSMEG_3995/MSMEI_3903 => Putative hydrolase/MSMEI_3903
[15:12:07] Modify product: 23S rRNA 5-hydroxycytidine C2501 synthase => 23S rRNA 5-hydroxycytidine synthase
[15:12:07] Modify product: Fanconi-associated nuclease 1 homolog => Fanconi-associated nuclease 1 
[15:12:07] Modify product: Acetyltransferase SACOL1063 => Acetyltransferase
[15:12:07] Modify product: Putative transport protein Rv1101c => Putative transport protein
[15:12:07] Modify product: Probable succinyl-CoA:3-ketoacid coenzyme A transferase subunit A => putative succinyl-CoA:3-ketoacid coenzyme A transferase subunit A
[15:12:07] Modify product: Probable succinyl-CoA:3-ketoacid coenzyme A transferase subunit B => putative succinyl-CoA:3-ketoacid coenzyme A transferase subunit B
[15:12:07] Modify product: Uncharacterized protein YqjZ => putative protein YqjZ
[15:12:07] Modify product: Cytochrome b561 homolog 1 => Cytochrome b561 
[15:12:07] Modify product: Universal stress protein A homolog 2 => Universal stress protein A 
[15:12:07] Modify product: Uncharacterized protein YcbX => putative protein YcbX
[15:12:07] Modify product: Probable lipid kinase YegS => putative lipid kinase YegS
[15:12:07] Modify product: Uncharacterized transporter YycB => putative transporter YycB
[15:12:07] Modify product: Uncharacterized protein Rv0906 => putative protein
[15:12:07] Modify product: Uncharacterized FAD-linked oxidoreductase Rv2280 => putative FAD-linked oxidoreductase
[15:12:07] Modify product: Probable D-xylose utilization operon transcriptional repressor => putative D-xylose utilization operon transcriptional repressor
[15:12:07] Modify product: Phosphate-specific transport system accessory protein PhoU homolog => Phosphate-specific transport system accessory protein PhoU 
[15:12:07] Modify product: Uncharacterized acyl-CoA thioester hydrolase HI_0827 => putative acyl-CoA thioester hydrolase
[15:12:07] Modify product: Uncharacterized acyl-CoA thioester hydrolase HI_0827 => putative acyl-CoA thioester hydrolase
[15:12:07] Modify product: Probable manganese catalase => putative manganese catalase
[15:12:07] Modify product: Uncharacterized protein YjiK => putative protein YjiK
[15:12:07] Modify product: Probable chromosome-partitioning protein ParB => putative chromosome-partitioning protein ParB
[15:12:07] Modify product: Uncharacterized protein YqjD => putative protein YqjD
[15:12:07] Modify product: Uncharacterized ABC transporter ATP-binding protein YheS => putative ABC transporter ATP-binding protein YheS
[15:12:07] Modify product: Probable efflux pump periplasmic linker TtgA => putative efflux pump periplasmic linker TtgA
[15:12:07] Modify product: UPF0234 protein XC_3703 => hypothetical protein
[15:12:07] Modify product: Probable peptidoglycan glycosyltransferase FtsW => putative peptidoglycan glycosyltransferase FtsW
[15:12:07] Modify product: GTP cyclohydrolase 1 type 2 homolog => GTP cyclohydrolase 1 type 2 
[15:12:07] Modify product: UPF0307 protein PSPTO_4464 => hypothetical protein
[15:12:07] Modify product: UPF0125 protein HI_0395 => hypothetical protein
[15:12:07] Modify product: Probable glucarate transporter => putative glucarate transporter
[15:12:07] Modify product: Probable 5-dehydro-4-deoxyglucarate dehydratase => putative 5-dehydro-4-deoxyglucarate dehydratase
[15:12:07] Modify product: Probable D,D-dipeptide transport ATP-binding protein DdpF => putative D,D-dipeptide transport ATP-binding protein DdpF
[15:12:07] Modify product: Uncharacterized oxidoreductase Rv0484c => putative oxidoreductase
[15:12:07] Modify product: Putative monooxygenase Rv0793 => Putative monooxygenase
[15:12:07] Modify product: Probable FMNH2-dependent monooxygenase SfnC => putative FMNH2-dependent monooxygenase SfnC
[15:12:07] Modify product: Uncharacterized ABC transporter ATP-binding protein YejF => putative ABC transporter ATP-binding protein YejF
[15:12:07] Modify product: Probable N-methylproline demethylase => putative N-methylproline demethylase
[15:12:07] Modify product: Bifunctional protein FolD => Bifunctional protein FolD protein
[15:12:07] Modify product: Uncharacterized protein PA3922 => putative protein
[15:12:07] Modify product: Uncharacterized sugar epimerase YhfK => putative sugar epimerase YhfK
[15:12:07] Modify product: Probable amino-acid permease protein YxeN => putative amino-acid permease protein YxeN
[15:12:07] Modify product: Probable D,D-dipeptide transport system permease protein DdpC => putative D,D-dipeptide transport system permease protein DdpC
[15:12:07] Modify product: Probable amino-acid ABC transporter-binding protein HI_1080 => putative amino-acid ABC transporter-binding protein
[15:12:07] Modify product: Probable amino-acid permease protein YxeN => putative amino-acid permease protein YxeN
[15:12:07] Modify product: Glycogen operon protein GlgX homolog => Glycogen operon protein GlgX 
[15:12:07] Modify product: Uncharacterized protein Rv2850c => putative protein
[15:12:07] Modify product: Uncharacterized protein Rv2850c => putative protein
[15:12:07] Modify product: Uncharacterized HTH-type transcriptional regulator Rv1556 => putative HTH-type transcriptional regulator
[15:12:07] Modify product: Probable formate transporter 1 => putative formate transporter 1
[15:12:07] Modify product: Uncharacterized protein HI_0131 => putative protein
[15:12:07] Modify product: Probable acyltransferase YihG => putative acyltransferase YihG
[15:12:07] Modify product: Uncharacterized GST-like protein YibF => putative GST-like protein YibF
[15:12:07] Modify product: Probable RNA polymerase sigma factor FecI => putative RNA polymerase sigma factor FecI
[15:12:07] Modify product: Uncharacterized membrane protein NMB1645 => putative membrane protein
[15:12:07] Modify product: UPF0382 membrane protein YwdK => hypothetical protein
[15:12:07] Modify product: Uncharacterized zinc protease Rv2782c => putative zinc protease
[15:12:07] Modify product: Probable transport protein HsrA => putative transport protein HsrA
[15:12:07] Modify product: Probable N-methylproline demethylase => putative N-methylproline demethylase
[15:12:07] Modify product: Probable ABC transporter-binding protein DR_1438 => putative ABC transporter-binding protein
[15:12:07] Modify product: Probable phosphatase Rv3661 => putative phosphatase
[15:12:07] Modify product: Uncharacterized protein YjiK => putative protein YjiK
[15:12:07] Modify product: Uncharacterized protein YjiK => putative protein YjiK
[15:12:07] Modify product: Uncharacterized protein YcgM => putative protein YcgM
[15:12:07] Modify product: Uncharacterized FAD-linked oxidoreductase Rv2280 => putative FAD-linked oxidoreductase
[15:12:07] Modify product: Uncharacterized protein YibN => putative protein YibN
[15:12:07] Modify product: Probable Fe(2+)-trafficking protein => putative Fe(2+)-trafficking protein
[15:12:07] Modify product: Uncharacterized oxidoreductase YciK => putative oxidoreductase YciK
[15:12:07] Modify product: Uncharacterized inner membrane transporter YhbE => putative inner membrane transporter YhbE
[15:12:08] Modify product: Uncharacterized protein YfgD => putative protein YfgD
[15:12:08] Modify product: Uncharacterized ABC transporter ATP-binding protein Rv0986 => putative ABC transporter ATP-binding protein
[15:12:08] Modify product: UPF0270 protein PA3463 => hypothetical protein
[15:12:08] Modify product: UPF0060 membrane protein YnfA => hypothetical protein
[15:12:08] Modify product: Probable oxidoreductase EphD => putative oxidoreductase EphD
[15:12:08] Modify product: Probable diguanylate cyclase DgcC => putative diguanylate cyclase DgcC
[15:12:08] Modify product: UPF0761 membrane protein YihY => hypothetical protein
[15:12:08] Modify product: Uncharacterized protein PA2218 => putative protein
[15:12:08] Modify product: Putative multidrug export ATP-binding/permease protein SAV1866 => Putative multidrug export ATP-binding/permease protein
[15:12:08] Modify product: Uncharacterized signaling protein PA1727 => putative signaling protein
[15:12:08] Modify product: UPF0225 protein YchJ => hypothetical protein
[15:12:08] Modify product: Uncharacterized HTH-type transcriptional regulator CBU_1416 => putative HTH-type transcriptional regulator
[15:12:08] Modify product: DNA-binding protein VF_0530 => DNA-binding protein
[15:12:08] Cleaned 231 /product names
[15:12:08] Deleting unwanted file: results/prokka/GCA_018394375.1/GCA_018394375.1.sprot.tmp.1583209.faa
[15:12:08] Deleting unwanted file: results/prokka/GCA_018394375.1/GCA_018394375.1.sprot.tmp.1583209.blast
[15:12:08] There are still 2326 unannotated CDS left (started with 5111)
[15:12:08] Will use hmmer3 to search against /zfs/omics/personal/mpaauw/DS/snakemake-practice/.snakemake/conda/8882143c2f692706f9666386a30d3a42_/db/hmm/HAMAP.hmm with 8 CPUs
[15:12:08] Running: cat results\/prokka\/GCA_018394375\.1\/GCA_018394375\.1\.HAMAP\.hmm\.tmp\.1583209\.faa | parallel --gnu --plain -j 8 --block 45287 --recstart '>' --pipe hmmscan --noali --notextw --acc -E 1e-09 --cpu 1 /zfs/omics/personal/mpaauw/DS/snakemake-practice/.snakemake/conda/8882143c2f692706f9666386a30d3a42_/db/hmm/HAMAP.hmm /dev/stdin > results\/prokka\/GCA_018394375\.1\/GCA_018394375\.1\.HAMAP\.hmm\.tmp\.1583209\.hmmer3 2> /dev/null
[15:12:26] Modify product: Uncharacterized Nudix hydrolase NudL => putative Nudix hydrolase NudL
[15:12:26] Modify product: Uncharacterized MFS-type transporter YcaD => putative MFS-type transporter YcaD
[15:12:26] Modify product: Uncharacterized MFS-type transporter YcaD => putative MFS-type transporter YcaD
[15:12:27] Cleaned 3 /product names
[15:12:27] Deleting unwanted file: results/prokka/GCA_018394375.1/GCA_018394375.1.HAMAP.hmm.tmp.1583209.faa
[15:12:27] Deleting unwanted file: results/prokka/GCA_018394375.1/GCA_018394375.1.HAMAP.hmm.tmp.1583209.hmmer3
[15:12:27] Labelling remaining 2004 proteins as 'hypothetical protein'
[15:12:27] Possible /pseudo 'Competence protein ComM' at CP074578.1 position 185135
[15:12:27] Possible /pseudo 'L-cystine transport system permease protein YecS' at CP074578.1 position 248619
[15:12:27] Possible /pseudo 'IS630 family transposase ISPsy25' at CP074578.1 position 260853
[15:12:27] Possible /pseudo 'IS3 family transposase ISPsy9' at CP074578.1 position 297099
[15:12:27] Possible /pseudo 'putative FMNH2-dependent monooxygenase SfnC' at CP074578.1 position 304005
[15:12:27] Possible /pseudo 'Methyl-accepting chemotaxis protein McpQ' at CP074578.1 position 337364
[15:12:27] Possible /pseudo 'putative protein' at CP074578.1 position 611424
[15:12:27] Possible /pseudo 'General stress protein 16U' at CP074578.1 position 867513
[15:12:27] Possible /pseudo 'IS3 family transposase ISPsy9' at CP074578.1 position 897996
[15:12:27] Possible /pseudo 'Mannuronan synthase' at CP074578.1 position 1158462
[15:12:27] Possible /pseudo 'Protein-glutamate methylesterase/protein-glutamine glutaminase' at CP074578.1 position 1430224
[15:12:27] Possible /pseudo 'IS3 family transposase ISPsy9' at CP074578.1 position 1751524
[15:12:27] Possible /pseudo 'D-alanine--D-alanyl carrier protein ligase' at CP074578.1 position 1842725
[15:12:27] Possible /pseudo 'IS3 family transposase ISPsy9' at CP074578.1 position 2605039
[15:12:27] Possible /pseudo 'Glutamine transport system permease protein GlnP' at CP074578.1 position 2680857
[15:12:27] Possible /pseudo 'Glycine cleavage system transcriptional activator' at CP074578.1 position 2710127
[15:12:27] Possible /pseudo 'dCTP deaminase, dUMP-forming' at CP074578.1 position 2735237
[15:12:27] Possible /pseudo 'Tyrocidine synthase 3' at CP074578.1 position 2776234
[15:12:27] Possible /pseudo 'Glycine betaine transport system permease protein OpuAB' at CP074578.1 position 3103316
[15:12:27] Possible /pseudo 'L-carnitine dehydrogenase' at CP074578.1 position 3170901
[15:12:27] Possible /pseudo 'putative protein' at CP074578.1 position 3255175
[15:12:27] Possible /pseudo 'Multidrug resistance protein MdtA' at CP074578.1 position 3390655
[15:12:27] Possible /pseudo 'D-inositol-3-phosphate glycosyltransferase' at CP074578.1 position 3504005
[15:12:27] Possible /pseudo 'D-inositol-3-phosphate glycosyltransferase' at CP074578.1 position 3505194
[15:12:27] Possible /pseudo 'Putative protein-methionine-sulfoxide reductase subunit YedZ1' at CP074578.1 position 3665727
[15:12:27] Possible /pseudo 'Extracellular serine protease' at CP074578.1 position 4091924
[15:12:27] Possible /pseudo 'Adaptive-response sensory-kinase SasA' at CP074578.1 position 4141423
[15:12:27] Possible /pseudo 'IS3 family transposase ISPsy9' at CP074578.1 position 4154942
[15:12:27] Possible /pseudo 'Long-chain-fatty-acid--CoA ligase' at CP074578.1 position 4218588
[15:12:27] Possible /pseudo 'Periplasmic dipeptide transport protein' at CP074578.1 position 4685903
[15:12:27] Possible /pseudo 'Periplasmic dipeptide transport protein' at CP074578.1 position 4687851
[15:12:27] Possible /pseudo 'Histidine ammonia-lyase' at CP074578.1 position 5333462
[15:12:27] Possible /pseudo 'putative protein YjiK' at CP074578.1 position 5352575
[15:12:27] Possible /pseudo 'Gamma-glutamylputrescine synthetase PuuA' at CP074578.1 position 5373360
[15:12:27] Found 2150 unique /gene codes.
[15:12:27] Fixed 2 duplicate /gene - bamA_1 bamA_2
[15:12:27] Fixed 2 duplicate /gene - argT_1 argT_2
[15:12:27] Fixed 2 duplicate /gene - djlA_1 djlA_2
[15:12:27] Fixed 3 duplicate /gene - glnH_1 glnH_2 glnH_3
[15:12:27] Fixed 2 duplicate /gene - tgnB_1 tgnB_2
[15:12:27] Fixed 2 duplicate /gene - degU_1 degU_2
[15:12:27] Fixed 2 duplicate /gene - argD_1 argD_2
[15:12:27] Fixed 6 duplicate /gene - xerC_1 xerC_2 xerC_3 xerC_4 xerC_5 xerC_6
[15:12:27] Fixed 2 duplicate /gene - atzF_1 atzF_2
[15:12:27] Fixed 2 duplicate /gene - ydhP_1 ydhP_2
[15:12:27] Fixed 2 duplicate /gene - bacC_1 bacC_2
[15:12:27] Fixed 2 duplicate /gene - dppC_1 dppC_2
[15:12:27] Fixed 2 duplicate /gene - frmA_1 frmA_2
[15:12:27] Fixed 2 duplicate /gene - gsiA_1 gsiA_2
[15:12:27] Fixed 2 duplicate /gene - wbgU_1 wbgU_2
[15:12:27] Fixed 2 duplicate /gene - ftsA_1 ftsA_2
[15:12:27] Fixed 3 duplicate /gene - pxpA_1 pxpA_2 pxpA_3
[15:12:27] Fixed 2 duplicate /gene - appA_1 appA_2
[15:12:27] Fixed 2 duplicate /gene - pstB_1 pstB_2
[15:12:27] Fixed 2 duplicate /gene - yjiA_1 yjiA_2
[15:12:27] Fixed 3 duplicate /gene - bepA_1 bepA_2 bepA_3
[15:12:27] Fixed 2 duplicate /gene - cysT_1 cysT_2
[15:12:27] Fixed 2 duplicate /gene - fixJ_1 fixJ_2
[15:12:27] Fixed 2 duplicate /gene - ribH_1 ribH_2
[15:12:27] Fixed 2 duplicate /gene - yxeN_1 yxeN_2
[15:12:27] Fixed 3 duplicate /gene - estB_1 estB_2 estB_3
[15:12:27] Fixed 4 duplicate /gene - tolC_1 tolC_2 tolC_3 tolC_4
[15:12:27] Fixed 2 duplicate /gene - catD_1 catD_2
[15:12:27] Fixed 2 duplicate /gene - tusA_1 tusA_2
[15:12:27] Fixed 3 duplicate /gene - paoA_1 paoA_2 paoA_3
[15:12:27] Fixed 3 duplicate /gene - rspR_1 rspR_2 rspR_3
[15:12:27] Fixed 2 duplicate /gene - ydjE_1 ydjE_2
[15:12:27] Fixed 3 duplicate /gene - bdlA_1 bdlA_2 bdlA_3
[15:12:27] Fixed 2 duplicate /gene - kce_1 kce_2
[15:12:27] Fixed 2 duplicate /gene - rhlA_1 rhlA_2
[15:12:27] Fixed 2 duplicate /gene - mcpS_1 mcpS_2
[15:12:27] Fixed 2 duplicate /gene - mdtC_1 mdtC_2
[15:12:27] Fixed 3 duplicate /gene - cpg2_1 cpg2_2 cpg2_3
[15:12:27] Fixed 4 duplicate /gene - purU_1 purU_2 purU_3 purU_4
[15:12:27] Fixed 2 duplicate /gene - dnaK_1 dnaK_2
[15:12:27] Fixed 4 duplicate /gene - gltR_1 gltR_2 gltR_3 gltR_4
[15:12:27] Fixed 3 duplicate /gene - pgl_1 pgl_2 pgl_3
[15:12:27] Fixed 2 duplicate /gene - fbp_1 fbp_2
[15:12:27] Fixed 2 duplicate /gene - thiE_1 thiE_2
[15:12:27] Fixed 2 duplicate /gene - hupB_1 hupB_2
[15:12:27] Fixed 2 duplicate /gene - rfbD_1 rfbD_2
[15:12:27] Fixed 2 duplicate /gene - aer_1 aer_2
[15:12:27] Fixed 3 duplicate /gene - cntO_1 cntO_2 cntO_3
[15:12:27] Fixed 3 duplicate /gene - mltF_1 mltF_2 mltF_3
[15:12:27] Fixed 2 duplicate /gene - srlR_1 srlR_2
[15:12:27] Fixed 2 duplicate /gene - zraR_1 zraR_2
[15:12:27] Fixed 2 duplicate /gene - nadE_1 nadE_2
[15:12:27] Fixed 2 duplicate /gene - ais_1 ais_2
[15:12:27] Fixed 2 duplicate /gene - gcvH_1 gcvH_2
[15:12:27] Fixed 2 duplicate /gene - tadA_1 tadA_2
[15:12:27] Fixed 2 duplicate /gene - hemL_1 hemL_2
[15:12:27] Fixed 2 duplicate /gene - sutR_1 sutR_2
[15:12:27] Fixed 2 duplicate /gene - otnI_1 otnI_2
[15:12:27] Fixed 2 duplicate /gene - fpvA_1 fpvA_2
[15:12:27] Fixed 2 duplicate /gene - map_1 map_2
[15:12:27] Fixed 2 duplicate /gene - aam_1 aam_2
[15:12:27] Fixed 2 duplicate /gene - argE_1 argE_2
[15:12:27] Fixed 2 duplicate /gene - cysG_1 cysG_2
[15:12:27] Fixed 2 duplicate /gene - sfnG_1 sfnG_2
[15:12:27] Fixed 2 duplicate /gene - gltJ_1 gltJ_2
[15:12:27] Fixed 2 duplicate /gene - artQ_1 artQ_2
[15:12:27] Fixed 16 duplicate /gene - dmlR_1 dmlR_2 dmlR_3 dmlR_4 dmlR_5 dmlR_6 dmlR_7 dmlR_8 dmlR_9 dmlR_10 dmlR_11 dmlR_12 dmlR_13 dmlR_14 dmlR_15 dmlR_16
[15:12:27] Fixed 2 duplicate /gene - mscS_1 mscS_2
[15:12:27] Fixed 2 duplicate /gene - rbsA_1 rbsA_2
[15:12:27] Fixed 3 duplicate /gene - gntT_1 gntT_2 gntT_3
[15:12:27] Fixed 2 duplicate /gene - gcvT_1 gcvT_2
[15:12:27] Fixed 3 duplicate /gene - fecI_1 fecI_2 fecI_3
[15:12:27] Fixed 2 duplicate /gene - yhhS_1 yhhS_2
[15:12:27] Fixed 3 duplicate /gene - rbsK_1 rbsK_2 rbsK_3
[15:12:27] Fixed 3 duplicate /gene - slyA_1 slyA_2 slyA_3
[15:12:27] Fixed 5 duplicate /gene - rbsC_1 rbsC_2 rbsC_3 rbsC_4 rbsC_5
[15:12:27] Fixed 3 duplicate /gene - arsC_1 arsC_2 arsC_3
[15:12:27] Fixed 5 duplicate /gene - pgrR_1 pgrR_2 pgrR_3 pgrR_4 pgrR_5
[15:12:27] Fixed 2 duplicate /gene - ompA_1 ompA_2
[15:12:27] Fixed 2 duplicate /gene - fabH_1 fabH_2
[15:12:27] Fixed 2 duplicate /gene - xerD_1 xerD_2
[15:12:27] Fixed 2 duplicate /gene - lolE_1 lolE_2
[15:12:27] Fixed 2 duplicate /gene - nicT_1 nicT_2
[15:12:27] Fixed 2 duplicate /gene - zwf_1 zwf_2
[15:12:27] Fixed 3 duplicate /gene - rhlE_1 rhlE_2 rhlE_3
[15:12:27] Fixed 2 duplicate /gene - pmdD_1 pmdD_2
[15:12:27] Fixed 5 duplicate /gene - puuB_1 puuB_2 puuB_3 puuB_4 puuB_5
[15:12:27] Fixed 2 duplicate /gene - hcnB_1 hcnB_2
[15:12:27] Fixed 2 duplicate /gene - mnmC_1 mnmC_2
[15:12:27] Fixed 3 duplicate /gene - dmdC_1 dmdC_2 dmdC_3
[15:12:27] Fixed 2 duplicate /gene - greB_1 greB_2
[15:12:27] Fixed 2 duplicate /gene - cheW_1 cheW_2
[15:12:27] Fixed 2 duplicate /gene - dsbB_1 dsbB_2
[15:12:27] Fixed 4 duplicate /gene - ftsH_1 ftsH_2 ftsH_3 ftsH_4
[15:12:27] Fixed 2 duplicate /gene - cheY_1 cheY_2
[15:12:27] Fixed 2 duplicate /gene - thrB_1 thrB_2
[15:12:27] Fixed 2 duplicate /gene - pcpR_1 pcpR_2
[15:12:27] Fixed 2 duplicate /gene - xpsE_1 xpsE_2
[15:12:27] Fixed 3 duplicate /gene - comM_1 comM_2 comM_3
[15:12:27] Fixed 2 duplicate /gene - motB_1 motB_2
[15:12:27] Fixed 3 duplicate /gene - algA_1 algA_2 algA_3
[15:12:27] Fixed 3 duplicate /gene - dnaJ_1 dnaJ_2 dnaJ_3
[15:12:27] Fixed 3 duplicate /gene - COQ3_1 COQ3_2 COQ3_3
[15:12:27] Fixed 5 duplicate /gene - ssuA_1 ssuA_2 ssuA_3 ssuA_4 ssuA_5
[15:12:27] Fixed 3 duplicate /gene - mmgC_1 mmgC_2 mmgC_3
[15:12:27] Fixed 2 duplicate /gene - ldc_1 ldc_2
[15:12:27] Fixed 2 duplicate /gene - glgB_1 glgB_2
[15:12:27] Fixed 3 duplicate /gene - xyl3A_1 xyl3A_2 xyl3A_3
[15:12:27] Fixed 2 duplicate /gene - pleD_1 pleD_2
[15:12:27] Fixed 2 duplicate /gene - auaH_1 auaH_2
[15:12:27] Fixed 2 duplicate /gene - rep_1 rep_2
[15:12:27] Fixed 2 duplicate /gene - mrdA_1 mrdA_2
[15:12:27] Fixed 2 duplicate /gene - rfaH_1 rfaH_2
[15:12:27] Fixed 2 duplicate /gene - pstS_1 pstS_2
[15:12:27] Fixed 3 duplicate /gene - rppH_1 rppH_2 rppH_3
[15:12:27] Fixed 2 duplicate /gene - mdoD_1 mdoD_2
[15:12:27] Fixed 2 duplicate /gene - aaeB_1 aaeB_2
[15:12:27] Fixed 2 duplicate /gene - rkpK_1 rkpK_2
[15:12:27] Fixed 4 duplicate /gene - cmpR_1 cmpR_2 cmpR_3 cmpR_4
[15:12:27] Fixed 2 duplicate /gene - yihG_1 yihG_2
[15:12:27] Fixed 2 duplicate /gene - soj_1 soj_2
[15:12:27] Fixed 2 duplicate /gene - atpH_1 atpH_2
[15:12:27] Fixed 3 duplicate /gene - lptB_1 lptB_2 lptB_3
[15:12:27] Fixed 2 duplicate /gene - rlpA_1 rlpA_2
[15:12:27] Fixed 3 duplicate /gene - nanR_1 nanR_2 nanR_3
[15:12:27] Fixed 2 duplicate /gene - menE_1 menE_2
[15:12:27] Fixed 2 duplicate /gene - der_1 der_2
[15:12:27] Fixed 2 duplicate /gene - rhtC_1 rhtC_2
[15:12:27] Fixed 5 duplicate /gene - nicP_1 nicP_2 nicP_3 nicP_4 nicP_5
[15:12:27] Fixed 3 duplicate /gene - davD_1 davD_2 davD_3
[15:12:27] Fixed 2 duplicate /gene - puuA_1 puuA_2
[15:12:27] Fixed 2 duplicate /gene - quiP_1 quiP_2
[15:12:27] Fixed 2 duplicate /gene - mqo_1 mqo_2
[15:12:27] Fixed 2 duplicate /gene - ribBA_1 ribBA_2
[15:12:27] Fixed 2 duplicate /gene - gstB_1 gstB_2
[15:12:27] Fixed 3 duplicate /gene - exuT_1 exuT_2 exuT_3
[15:12:27] Fixed 2 duplicate /gene - ydaF_1 ydaF_2
[15:12:27] Fixed 2 duplicate /gene - glyA_1 glyA_2
[15:12:27] Fixed 3 duplicate /gene - soxB_1 soxB_2 soxB_3
[15:12:27] Fixed 2 duplicate /gene - speE_1 speE_2
[15:12:27] Fixed 2 duplicate /gene - mbtH_1 mbtH_2
[15:12:27] Fixed 2 duplicate /gene - kshB_1 kshB_2
[15:12:27] Fixed 2 duplicate /gene - btuF_1 btuF_2
[15:12:27] Fixed 2 duplicate /gene - pxpC_1 pxpC_2
[15:12:27] Fixed 2 duplicate /gene - mntH_1 mntH_2
[15:12:27] Fixed 2 duplicate /gene - ugpQ_1 ugpQ_2
[15:12:27] Fixed 4 duplicate /gene - soxA_1 soxA_2 soxA_3 soxA_4
[15:12:27] Fixed 2 duplicate /gene - zntB_1 zntB_2
[15:12:27] Fixed 2 duplicate /gene - dapA_1 dapA_2
[15:12:27] Fixed 2 duplicate /gene - bfr_1 bfr_2
[15:12:27] Fixed 5 duplicate /gene - dltA_1 dltA_2 dltA_3 dltA_4 dltA_5
[15:12:27] Fixed 2 duplicate /gene - arsB_1 arsB_2
[15:12:27] Fixed 2 duplicate /gene - hisQ_1 hisQ_2
[15:12:27] Fixed 2 duplicate /gene - sugC_1 sugC_2
[15:12:27] Fixed 2 duplicate /gene - mupP_1 mupP_2
[15:12:27] Fixed 2 duplicate /gene - phzF_1 phzF_2
[15:12:27] Fixed 3 duplicate /gene - fdhA_1 fdhA_2 fdhA_3
[15:12:27] Fixed 3 duplicate /gene - dcd_1 dcd_2 dcd_3
[15:12:27] Fixed 3 duplicate /gene - mtnB_1 mtnB_2 mtnB_3
[15:12:27] Fixed 2 duplicate /gene - chrR_1 chrR_2
[15:12:27] Fixed 2 duplicate /gene - sbp_1 sbp_2
[15:12:27] Fixed 2 duplicate /gene - pikAII_1 pikAII_2
[15:12:27] Fixed 3 duplicate /gene - bauC_1 bauC_2 bauC_3
[15:12:27] Fixed 2 duplicate /gene - yjgH_1 yjgH_2
[15:12:27] Fixed 3 duplicate /gene - etfB_1 etfB_2 etfB_3
[15:12:27] Fixed 3 duplicate /gene - etfA_1 etfA_2 etfA_3
[15:12:27] Fixed 3 duplicate /gene - dapE_1 dapE_2 dapE_3
[15:12:27] Fixed 4 duplicate /gene - dctD_1 dctD_2 dctD_3 dctD_4
[15:12:27] Fixed 2 duplicate /gene - rbsR_1 rbsR_2
[15:12:27] Fixed 2 duplicate /gene - ruvB_1 ruvB_2
[15:12:27] Fixed 2 duplicate /gene - ttuB_1 ttuB_2
[15:12:27] Fixed 2 duplicate /gene - gcd_1 gcd_2
[15:12:27] Fixed 4 duplicate /gene - mglA_1 mglA_2 mglA_3 mglA_4
[15:12:27] Fixed 2 duplicate /gene - hutH_1 hutH_2
[15:12:27] Fixed 4 duplicate /gene - czcA_1 czcA_2 czcA_3 czcA_4
[15:12:27] Fixed 2 duplicate /gene - accC_1 accC_2
[15:12:27] Fixed 22 duplicate /gene - sasA_1 sasA_2 sasA_3 sasA_4 sasA_5 sasA_6 sasA_7 sasA_8 sasA_9 sasA_10 sasA_11 sasA_12 sasA_13 sasA_14 sasA_15 sasA_16 sasA_17 sasA_18 sasA_19 sasA_20 sasA_21 sasA_22
[15:12:27] Fixed 2 duplicate /gene - bvgA_1 bvgA_2
[15:12:27] Fixed 2 duplicate /gene - tyrB_1 tyrB_2
[15:12:27] Fixed 2 duplicate /gene - htpX_1 htpX_2
[15:12:27] Fixed 2 duplicate /gene - nasD_1 nasD_2
[15:12:27] Fixed 2 duplicate /gene - fpr_1 fpr_2
[15:12:27] Fixed 3 duplicate /gene - gsiC_1 gsiC_2 gsiC_3
[15:12:27] Fixed 5 duplicate /gene - hcp1_1 hcp1_2 hcp1_3 hcp1_4 hcp1_5
[15:12:27] Fixed 2 duplicate /gene - nodD2_1 nodD2_2
[15:12:27] Fixed 2 duplicate /gene - sodB_1 sodB_2
[15:12:27] Fixed 3 duplicate /gene - paoC_1 paoC_2 paoC_3
[15:12:27] Fixed 2 duplicate /gene - aaaT_1 aaaT_2
[15:12:27] Fixed 2 duplicate /gene - dppB_1 dppB_2
[15:12:27] Fixed 2 duplicate /gene - mshD_1 mshD_2
[15:12:27] Fixed 2 duplicate /gene - tyrR_1 tyrR_2
[15:12:27] Fixed 2 duplicate /gene - spuE_1 spuE_2
[15:12:27] Fixed 2 duplicate /gene - efeO_1 efeO_2
[15:12:27] Fixed 2 duplicate /gene - apaH_1 apaH_2
[15:12:27] Fixed 2 duplicate /gene - ypeA_1 ypeA_2
[15:12:27] Fixed 3 duplicate /gene - yadV_1 yadV_2 yadV_3
[15:12:27] Fixed 2 duplicate /gene - mntB_1 mntB_2
[15:12:27] Fixed 2 duplicate /gene - ilvA_1 ilvA_2
[15:12:27] Fixed 2 duplicate /gene - prmC_1 prmC_2
[15:12:27] Fixed 2 duplicate /gene - vgrG1_1 vgrG1_2
[15:12:27] Fixed 3 duplicate /gene - yejF_1 yejF_2 yejF_3
[15:12:27] Fixed 5 duplicate /gene - fabG_1 fabG_2 fabG_3 fabG_4 fabG_5
[15:12:27] Fixed 2 duplicate /gene - arnC_1 arnC_2
[15:12:27] Fixed 4 duplicate /gene - hdfR_1 hdfR_2 hdfR_3 hdfR_4
[15:12:27] Fixed 3 duplicate /gene - nhaA_1 nhaA_2 nhaA_3
[15:12:27] Fixed 5 duplicate /gene - lrp_1 lrp_2 lrp_3 lrp_4 lrp_5
[15:12:27] Fixed 2 duplicate /gene - phoD_1 phoD_2
[15:12:27] Fixed 2 duplicate /gene - yrdA_1 yrdA_2
[15:12:27] Fixed 7 duplicate /gene - gcvA_1 gcvA_2 gcvA_3 gcvA_4 gcvA_5 gcvA_6 gcvA_7
[15:12:27] Fixed 3 duplicate /gene - norG_1 norG_2 norG_3
[15:12:27] Fixed 2 duplicate /gene - betI_1 betI_2
[15:12:27] Fixed 3 duplicate /gene - cheV_1 cheV_2 cheV_3
[15:12:27] Fixed 2 duplicate /gene - ddpC_1 ddpC_2
[15:12:27] Fixed 3 duplicate /gene - ssuC_1 ssuC_2 ssuC_3
[15:12:27] Fixed 3 duplicate /gene - oxyR_1 oxyR_2 oxyR_3
[15:12:27] Fixed 2 duplicate /gene - lpxH_1 lpxH_2
[15:12:27] Fixed 3 duplicate /gene - norR_1 norR_2 norR_3
[15:12:27] Fixed 3 duplicate /gene - dinG_1 dinG_2 dinG_3
[15:12:27] Fixed 7 duplicate /gene - mshA_1 mshA_2 mshA_3 mshA_4 mshA_5 mshA_6 mshA_7
[15:12:27] Fixed 3 duplicate /gene - gltC_1 gltC_2 gltC_3
[15:12:27] Fixed 2 duplicate /gene - ugpC_1 ugpC_2
[15:12:27] Fixed 2 duplicate /gene - prsE_1 prsE_2
[15:12:27] Fixed 2 duplicate /gene - tcyC_1 tcyC_2
[15:12:27] Fixed 2 duplicate /gene - carB_1 carB_2
[15:12:27] Fixed 3 duplicate /gene - fatA_1 fatA_2 fatA_3
[15:12:27] Fixed 2 duplicate /gene - resA_1 resA_2
[15:12:27] Fixed 3 duplicate /gene - hexR_1 hexR_2 hexR_3
[15:12:27] Fixed 11 duplicate /gene - btuD_1 btuD_2 btuD_3 btuD_4 btuD_5 btuD_6 btuD_7 btuD_8 btuD_9 btuD_10 btuD_11
[15:12:27] Fixed 2 duplicate /gene - pyrG_1 pyrG_2
[15:12:27] Fixed 2 duplicate /gene - gatA_1 gatA_2
[15:12:27] Fixed 2 duplicate /gene - yfcG_1 yfcG_2
[15:12:27] Fixed 2 duplicate /gene - sacB_1 sacB_2
[15:12:27] Fixed 2 duplicate /gene - rutC_1 rutC_2
[15:12:27] Fixed 2 duplicate /gene - hisP_1 hisP_2
[15:12:27] Fixed 20 duplicate /gene - rcsC_1 rcsC_2 rcsC_3 rcsC_4 rcsC_5 rcsC_6 rcsC_7 rcsC_8 rcsC_9 rcsC_10 rcsC_11 rcsC_12 rcsC_13 rcsC_14 rcsC_15 rcsC_16 rcsC_17 rcsC_18 rcsC_19 rcsC_20
[15:12:27] Fixed 3 duplicate /gene - ghrA_1 ghrA_2 ghrA_3
[15:12:27] Fixed 4 duplicate /gene - lutR_1 lutR_2 lutR_3 lutR_4
[15:12:27] Fixed 2 duplicate /gene - ydeP_1 ydeP_2
[15:12:27] Fixed 2 duplicate /gene - glnP_1 glnP_2
[15:12:27] Fixed 2 duplicate /gene - phrB_1 phrB_2
[15:12:27] Fixed 3 duplicate /gene - copA_1 copA_2 copA_3
[15:12:27] Fixed 2 duplicate /gene - accB_1 accB_2
[15:12:27] Fixed 4 duplicate /gene - rutB_1 rutB_2 rutB_3 rutB_4
[15:12:27] Fixed 2 duplicate /gene - pqiB_1 pqiB_2
[15:12:27] Fixed 3 duplicate /gene - fecR_1 fecR_2 fecR_3
[15:12:27] Fixed 4 duplicate /gene - oprD_1 oprD_2 oprD_3 oprD_4
[15:12:27] Fixed 4 duplicate /gene - decR_1 decR_2 decR_3 decR_4
[15:12:27] Fixed 3 duplicate /gene - nudC_1 nudC_2 nudC_3
[15:12:27] Fixed 2 duplicate /gene - namA_1 namA_2
[15:12:27] Fixed 2 duplicate /gene - yqjD_1 yqjD_2
[15:12:27] Fixed 2 duplicate /gene - yeaD_1 yeaD_2
[15:12:27] Fixed 3 duplicate /gene - hcaB_1 hcaB_2 hcaB_3
[15:12:27] Fixed 2 duplicate /gene - intS_1 intS_2
[15:12:27] Fixed 2 duplicate /gene - hbpA_1 hbpA_2
[15:12:27] Fixed 3 duplicate /gene - livF_1 livF_2 livF_3
[15:12:27] Fixed 2 duplicate /gene - dksA_1 dksA_2
[15:12:27] Fixed 2 duplicate /gene - tgnC_1 tgnC_2
[15:12:27] Fixed 2 duplicate /gene - gph_1 gph_2
[15:12:27] Fixed 2 duplicate /gene - yofA_1 yofA_2
[15:12:27] Fixed 2 duplicate /gene - phoP_1 phoP_2
[15:12:27] Fixed 2 duplicate /gene - vldW_1 vldW_2
[15:12:27] Fixed 3 duplicate /gene - acpP_1 acpP_2 acpP_3
[15:12:27] Fixed 2 duplicate /gene - aroA_1 aroA_2
[15:12:27] Fixed 2 duplicate /gene - clsA_1 clsA_2
[15:12:27] Fixed 2 duplicate /gene - lgrD_1 lgrD_2
[15:12:27] Fixed 2 duplicate /gene - aroE_1 aroE_2
[15:12:27] Fixed 2 duplicate /gene - deaD_1 deaD_2
[15:12:27] Fixed 3 duplicate /gene - iscS_1 iscS_2 iscS_3
[15:12:27] Fixed 7 duplicate /gene - glnQ_1 glnQ_2 glnQ_3 glnQ_4 glnQ_5 glnQ_6 glnQ_7
[15:12:27] Fixed 3 duplicate /gene - perR_1 perR_2 perR_3
[15:12:27] Fixed 2 duplicate /gene - csrA_1 csrA_2
[15:12:27] Fixed 2 duplicate /gene - entS_1 entS_2
[15:12:27] Fixed 3 duplicate /gene - nemA_1 nemA_2 nemA_3
[15:12:27] Fixed 2 duplicate /gene - trpC_1 trpC_2
[15:12:27] Fixed 2 duplicate /gene - yknY_1 yknY_2
[15:12:27] Fixed 3 duplicate /gene - puuR_1 puuR_2 puuR_3
[15:12:27] Fixed 4 duplicate /gene - yabJ_1 yabJ_2 yabJ_3 yabJ_4
[15:12:27] Fixed 7 duplicate /gene - exbD_1 exbD_2 exbD_3 exbD_4 exbD_5 exbD_6 exbD_7
[15:12:27] Fixed 3 duplicate /gene - yejB_1 yejB_2 yejB_3
[15:12:27] Fixed 2 duplicate /gene - abaQ_1 abaQ_2
[15:12:27] Fixed 2 duplicate /gene - def_1 def_2
[15:12:27] Fixed 2 duplicate /gene - glmM_1 glmM_2
[15:12:27] Fixed 3 duplicate /gene - paoB_1 paoB_2 paoB_3
[15:12:27] Fixed 2 duplicate /gene - pilT_1 pilT_2
[15:12:27] Fixed 2 duplicate /gene - glpE_1 glpE_2
[15:12:27] Fixed 3 duplicate /gene - ssuB_1 ssuB_2 ssuB_3
[15:12:27] Fixed 2 duplicate /gene - hisZ_1 hisZ_2
[15:12:27] Fixed 2 duplicate /gene - argP_1 argP_2
[15:12:27] Fixed 5 duplicate /gene - rhaS_1 rhaS_2 rhaS_3 rhaS_4 rhaS_5
[15:12:27] Fixed 2 duplicate /gene - gnl_1 gnl_2
[15:12:27] Fixed 2 duplicate /gene - lcdH_1 lcdH_2
[15:12:27] Fixed 2 duplicate /gene - lon_1 lon_2
[15:12:27] Fixed 3 duplicate /gene - folD_1 folD_2 folD_3
[15:12:27] Fixed 4 duplicate /gene - abo_1 abo_2 abo_3 abo_4
[15:12:27] Fixed 3 duplicate /gene - rlmI_1 rlmI_2 rlmI_3
[15:12:27] Fixed 2 duplicate /gene - recF_1 recF_2
[15:12:27] Fixed 2 duplicate /gene - fklB_1 fklB_2
[15:12:27] Fixed 2 duplicate /gene - phnE_1 phnE_2
[15:12:27] Fixed 2 duplicate /gene - occM_1 occM_2
[15:12:27] Fixed 3 duplicate /gene - qorA_1 qorA_2 qorA_3
[15:12:27] Fixed 2 duplicate /gene - fadD_1 fadD_2
[15:12:27] Fixed 4 duplicate /gene - ompR_1 ompR_2 ompR_3 ompR_4
[15:12:27] Fixed 3 duplicate /gene - cpdA_1 cpdA_2 cpdA_3
[15:12:27] Fixed 4 duplicate /gene - czcR_1 czcR_2 czcR_3 czcR_4
[15:12:27] Fixed 2 duplicate /gene - kgtP_1 kgtP_2
[15:12:27] Fixed 2 duplicate /gene - birA_1 birA_2
[15:12:27] Fixed 5 duplicate /gene - pal_1 pal_2 pal_3 pal_4 pal_5
[15:12:27] Fixed 2 duplicate /gene - sfnR_1 sfnR_2
[15:12:27] Fixed 2 duplicate /gene - murJ_1 murJ_2
[15:12:27] Fixed 3 duplicate /gene - smc_1 smc_2 smc_3
[15:12:27] Fixed 3 duplicate /gene - iolG_1 iolG_2 iolG_3
[15:12:27] Fixed 2 duplicate /gene - ydcV_1 ydcV_2
[15:12:27] Fixed 2 duplicate /gene - yhdY_1 yhdY_2
[15:12:27] Fixed 2 duplicate /gene - cpxR_1 cpxR_2
[15:12:27] Fixed 4 duplicate /gene - btuB_1 btuB_2 btuB_3 btuB_4
[15:12:27] Fixed 2 duplicate /gene - proC_1 proC_2
[15:12:27] Fixed 2 duplicate /gene - msuD_1 msuD_2
[15:12:27] Fixed 2 duplicate /gene - fabD_1 fabD_2
[15:12:27] Fixed 2 duplicate /gene - braC_1 braC_2
[15:12:27] Fixed 3 duplicate /gene - thpA_1 thpA_2 thpA_3
[15:12:27] Fixed 2 duplicate /gene - topB_1 topB_2
[15:12:27] Fixed 4 duplicate /gene - opuAB_1 opuAB_2 opuAB_3 opuAB_4
[15:12:27] Fixed 3 duplicate /gene - sfnC_1 sfnC_2 sfnC_3
[15:12:27] Fixed 3 duplicate /gene - yjiK_1 yjiK_2 yjiK_3
[15:12:27] Fixed 2 duplicate /gene - nasA_1 nasA_2
[15:12:27] Fixed 3 duplicate /gene - yceD_1 yceD_2 yceD_3
[15:12:27] Fixed 6 duplicate /gene - proP_1 proP_2 proP_3 proP_4 proP_5 proP_6
[15:12:27] Fixed 2 duplicate /gene - prsD_1 prsD_2
[15:12:27] Fixed 2 duplicate /gene - livH_1 livH_2
[15:12:27] Fixed 2 duplicate /gene - aroF_1 aroF_2
[15:12:27] Fixed 2 duplicate /gene - cytR_1 cytR_2
[15:12:27] Fixed 2 duplicate /gene - dasC_1 dasC_2
[15:12:27] Fixed 2 duplicate /gene - metQ_1 metQ_2
[15:12:27] Fixed 2 duplicate /gene - eamA_1 eamA_2
[15:12:27] Fixed 2 duplicate /gene - hmuU_1 hmuU_2
[15:12:27] Fixed 2 duplicate /gene - rarD_1 rarD_2
[15:12:27] Fixed 2 duplicate /gene - citN_1 citN_2
[15:12:27] Fixed 2 duplicate /gene - metN_1 metN_2
[15:12:27] Fixed 2 duplicate /gene - suhB_1 suhB_2
[15:12:27] Fixed 2 duplicate /gene - umuC_1 umuC_2
[15:12:27] Fixed 2 duplicate /gene - emrA_1 emrA_2
[15:12:27] Fixed 2 duplicate /gene - znuB_1 znuB_2
[15:12:27] Fixed 2 duplicate /gene - cefD_1 cefD_2
[15:12:27] Fixed 5 duplicate /gene - oprM_1 oprM_2 oprM_3 oprM_4 oprM_5
[15:12:27] Fixed 2 duplicate /gene - polC_1 polC_2
[15:12:27] Fixed 2 duplicate /gene - benM_1 benM_2
[15:12:27] Fixed 2 duplicate /gene - lexA_1 lexA_2
[15:12:27] Fixed 2 duplicate /gene - mdtB_1 mdtB_2
[15:12:27] Fixed 2 duplicate /gene - alyA_1 alyA_2
[15:12:27] Fixed 2 duplicate /gene - qseB_1 qseB_2
[15:12:27] Fixed 2 duplicate /gene - ppiC_1 ppiC_2
[15:12:27] Fixed 2 duplicate /gene - menH_1 menH_2
[15:12:27] Fixed 2 duplicate /gene - bvgS_1 bvgS_2
[15:12:27] Fixed 2 duplicate /gene - malK_1 malK_2
[15:12:27] Fixed 2 duplicate /gene - epsF_1 epsF_2
[15:12:27] Fixed 2 duplicate /gene - dmoA_1 dmoA_2
[15:12:27] Fixed 3 duplicate /gene - gntR_1 gntR_2 gntR_3
[15:12:27] Fixed 2 duplicate /gene - sir_1 sir_2
[15:12:27] Fixed 2 duplicate /gene - davT_1 davT_2
[15:12:27] Fixed 2 duplicate /gene - yedK_1 yedK_2
[15:12:27] Fixed 2 duplicate /gene - spuD_1 spuD_2
[15:12:27] Fixed 2 duplicate /gene - macB_1 macB_2
[15:12:27] Fixed 2 duplicate /gene - czcS_1 czcS_2
[15:12:27] Fixed 3 duplicate /gene - yejE_1 yejE_2 yejE_3
[15:12:27] Fixed 3 duplicate /gene - rssB_1 rssB_2 rssB_3
[15:12:27] Fixed 3 duplicate /gene - amiC_1 amiC_2 amiC_3
[15:12:27] Fixed 2 duplicate /gene - zapE_1 zapE_2
[15:12:27] Fixed 2 duplicate /gene - malT_1 malT_2
[15:12:27] Fixed 2 duplicate /gene - capB_1 capB_2
[15:12:27] Fixed 2 duplicate /gene - aaeA_1 aaeA_2
[15:12:27] Fixed 2 duplicate /gene - dat_1 dat_2
[15:12:27] Fixed 2 duplicate /gene - folE_1 folE_2
[15:12:27] Fixed 7 duplicate /gene - cynR_1 cynR_2 cynR_3 cynR_4 cynR_5 cynR_6 cynR_7
[15:12:27] Fixed 2 duplicate /gene - stcD_1 stcD_2
[15:12:27] Fixed 2 duplicate /gene - sctC_1 sctC_2
[15:12:27] Fixed 3 duplicate /gene - pitA_1 pitA_2 pitA_3
[15:12:27] Fixed 9 duplicate /gene - cheB_1 cheB_2 cheB_3 cheB_4 cheB_5 cheB_6 cheB_7 cheB_8 cheB_9
[15:12:27] Fixed 4 duplicate /gene - potA_1 potA_2 potA_3 potA_4
[15:12:27] Fixed 2 duplicate /gene - ycaD_1 ycaD_2
[15:12:27] Fixed 2 duplicate /gene - pcaF_1 pcaF_2
[15:12:27] Fixed 8 duplicate /gene - tolQ_1 tolQ_2 tolQ_3 tolQ_4 tolQ_5 tolQ_6 tolQ_7 tolQ_8
[15:12:27] Fixed 2 duplicate /gene - araG_1 araG_2
[15:12:27] Fixed 2 duplicate /gene - metXA_1 metXA_2
[15:12:27] Fixed 2 duplicate /gene - kdgR_1 kdgR_2
[15:12:27] Fixed 2 duplicate /gene - cheR_1 cheR_2
[15:12:27] Fixed 3 duplicate /gene - clsB_1 clsB_2 clsB_3
[15:12:27] Fixed 2 duplicate /gene - hcf136_1 hcf136_2
[15:12:27] Fixed 2 duplicate /gene - ddpF_1 ddpF_2
[15:12:27] Fixed 6 duplicate /gene - dppA_1 dppA_2 dppA_3 dppA_4 dppA_5 dppA_6
[15:12:27] Fixed 3 duplicate /gene - yajO_1 yajO_2 yajO_3
[15:12:27] Fixed 3 duplicate /gene - atoC_1 atoC_2 atoC_3
[15:12:27] Fixed 2 duplicate /gene - fadB_1 fadB_2
[15:12:27] Fixed 3 duplicate /gene - fabF_1 fabF_2 fabF_3
[15:12:27] Fixed 3 duplicate /gene - arnT_1 arnT_2 arnT_3
[15:12:27] Fixed 2 duplicate /gene - trpD_1 trpD_2
[15:12:27] Fixed 7 duplicate /gene - mcpQ_1 mcpQ_2 mcpQ_3 mcpQ_4 mcpQ_5 mcpQ_6 mcpQ_7
[15:12:27] Fixed 2 duplicate /gene - SIRT5_1 SIRT5_2
[15:12:27] Fixed 2 duplicate /gene - adh_1 adh_2
[15:12:27] Fixed 2 duplicate /gene - aes_1 aes_2
[15:12:27] Fixed 3 duplicate /gene - oppD_1 oppD_2 oppD_3
[15:12:27] Fixed 4 duplicate /gene - rutR_1 rutR_2 rutR_3 rutR_4
[15:12:27] Fixed 2 duplicate /gene - purF_1 purF_2
[15:12:27] Fixed 3 duplicate /gene - dctB_1 dctB_2 dctB_3
[15:12:27] Fixed 2 duplicate /gene - macA_1 macA_2
[15:12:27] Fixed 4 duplicate /gene - yecS_1 yecS_2 yecS_3 yecS_4
[15:12:27] Fixed 2 duplicate /gene - gudD_1 gudD_2
[15:12:27] Fixed 6 duplicate /gene - cdhR_1 cdhR_2 cdhR_3 cdhR_4 cdhR_5 cdhR_6
[15:12:27] Fixed 2 duplicate /gene - phnC_1 phnC_2
[15:12:27] Fixed 2 duplicate /gene - soxD_1 soxD_2
[15:12:27] Fixed 2 duplicate /gene - fdx_1 fdx_2
[15:12:27] Fixed 3 duplicate /gene - rhtB_1 rhtB_2 rhtB_3
[15:12:27] Fixed 2 duplicate /gene - glpR_1 glpR_2
[15:12:27] Fixed 2 duplicate /gene - lgrB_1 lgrB_2
[15:12:27] Fixed 2 duplicate /gene - dcyD_1 dcyD_2
[15:12:27] Fixed 5 duplicate /gene - tycC_1 tycC_2 tycC_3 tycC_4 tycC_5
[15:12:27] Fixed 3 duplicate /gene - umuD_1 umuD_2 umuD_3
[15:12:27] Fixed 2 duplicate /gene - xylB_1 xylB_2
[15:12:27] Fixed 3 duplicate /gene - nepI_1 nepI_2 nepI_3
[15:12:27] Fixed 3 duplicate /gene - rbsB_1 rbsB_2 rbsB_3
[15:12:27] Fixed 3 duplicate /gene - fliY_1 fliY_2 fliY_3
[15:12:27] Fixed 4 duplicate /gene - rutD_1 rutD_2 rutD_3 rutD_4
[15:12:27] Fixed 2 duplicate /gene - fcuA_1 fcuA_2
[15:12:27] Fixed 2 duplicate /gene - hisC_1 hisC_2
[15:12:27] Fixed 6 duplicate /gene - mdtA_1 mdtA_2 mdtA_3 mdtA_4 mdtA_5 mdtA_6
[15:12:27] Fixed 2 duplicate /gene - fimD_1 fimD_2
[15:12:27] Fixed 2 duplicate /gene - gsiD_1 gsiD_2
[15:12:27] Fixed 2 duplicate /gene - lolD_1 lolD_2
[15:12:27] Fixed 2 duplicate /gene - fecE_1 fecE_2
[15:12:27] Fixed 2 duplicate /gene - tauD_1 tauD_2
[15:12:27] Fixed 429 colliding /gene names.
[15:12:27] Adding /locus_tag identifiers
[15:12:27] Assigned 5195 locus_tags to CDS and RNA features.
[15:12:27] Writing outputs to results/prokka/GCA_018394375.1/
[15:12:29] Generating annotation statistics file
[15:12:29] Generating Genbank and Sequin files
[15:12:29] Running: tbl2asn -V b -a r10k -l paired-ends -M n -N 1 -y 'Annotated using prokka 1.14.6 from https://github.com/tseemann/prokka' -Z results\/prokka\/GCA_018394375\.1\/GCA_018394375\.1\.err -i results\/prokka\/GCA_018394375\.1\/GCA_018394375\.1\.fsa 2> /dev/null
[15:12:38] Deleting unwanted file: results/prokka/GCA_018394375.1/errorsummary.val
[15:12:38] Deleting unwanted file: results/prokka/GCA_018394375.1/GCA_018394375.1.dr
[15:12:38] Deleting unwanted file: results/prokka/GCA_018394375.1/GCA_018394375.1.fixedproducts
[15:12:38] Deleting unwanted file: results/prokka/GCA_018394375.1/GCA_018394375.1.ecn
[15:12:38] Deleting unwanted file: results/prokka/GCA_018394375.1/GCA_018394375.1.val
[15:12:38] Repairing broken .GBK output that tbl2asn produces...
[15:12:38] Running: sed 's/COORDINATES: profile/COORDINATES:profile/' < results\/prokka\/GCA_018394375\.1\/GCA_018394375\.1\.gbf > results\/prokka\/GCA_018394375\.1\/GCA_018394375\.1\.gbk
[15:12:38] Deleting unwanted file: results/prokka/GCA_018394375.1/GCA_018394375.1.gbf
[15:12:38] Output files:
[15:12:38] results/prokka/GCA_018394375.1/GCA_018394375.1.sqn
[15:12:38] results/prokka/GCA_018394375.1/GCA_018394375.1.ffn
[15:12:38] results/prokka/GCA_018394375.1/GCA_018394375.1.log
[15:12:38] results/prokka/GCA_018394375.1/GCA_018394375.1.gbk
[15:12:38] results/prokka/GCA_018394375.1/GCA_018394375.1.err
[15:12:38] results/prokka/GCA_018394375.1/GCA_018394375.1.fsa
[15:12:38] results/prokka/GCA_018394375.1/GCA_018394375.1.txt
[15:12:38] results/prokka/GCA_018394375.1/GCA_018394375.1.tbl
[15:12:38] results/prokka/GCA_018394375.1/GCA_018394375.1.tsv
[15:12:38] results/prokka/GCA_018394375.1/GCA_018394375.1.gff
[15:12:38] results/prokka/GCA_018394375.1/GCA_018394375.1.fna
[15:12:38] results/prokka/GCA_018394375.1/GCA_018394375.1.faa
[15:12:38] Annotation finished successfully.
[15:12:38] Walltime used: 2.68 minutes
[15:12:38] If you use this result please cite the Prokka paper:
[15:12:38] Seemann T (2014) Prokka: rapid prokaryotic genome annotation. Bioinformatics. 30(14):2068-9.
[15:12:38] Type 'prokka --citation' for more details.
[15:12:38] Share and enjoy!
