Building DAG of jobs...
Using shell: /usr/bin/bash
Provided cores: 3
Rules claiming more threads will be scaled down.
Job stats:
job          count
---------  -------
all              1
clean            3
summarize        3
total            7

Select jobs to execute...
Execute 3 jobs...

[Tue Oct 21 16:38:08 2025]
localrule clean:
    input: data/sample2.txt
    output: results/sample2.clean.txt
    jobid: 4
    reason: Missing output files: results/sample2.clean.txt
    wildcards: sample=sample2
    resources: tmpdir=/tmp


[Tue Oct 21 16:38:08 2025]
localrule clean:
    input: data/sample3.txt
    output: results/sample3.clean.txt
    jobid: 6
    reason: Missing output files: results/sample3.clean.txt
    wildcards: sample=sample3
    resources: tmpdir=/tmp


[Tue Oct 21 16:38:08 2025]
localrule clean:
    input: data/sample1.txt
    output: results/sample1.clean.txt
    jobid: 2
    reason: Missing output files: results/sample1.clean.txt
    wildcards: sample=sample1
    resources: tmpdir=/tmp

[Tue Oct 21 16:38:08 2025]
Finished job 4.
1 of 7 steps (14%) done
Select jobs to execute...
Execute 1 jobs...

[Tue Oct 21 16:38:08 2025]
localrule summarize:
    input: results/sample2.clean.txt
    output: results/sample2.summary.txt
    jobid: 3
    reason: Missing output files: results/sample2.summary.txt; Input files updated by another job: results/sample2.clean.txt
    wildcards: sample=sample2
    resources: tmpdir=/tmp

[Tue Oct 21 16:38:08 2025]
Finished job 6.
2 of 7 steps (29%) done
[Tue Oct 21 16:38:08 2025]
Finished job 2.
3 of 7 steps (43%) done
Select jobs to execute...
Execute 2 jobs...

[Tue Oct 21 16:38:08 2025]
localrule summarize:
    input: results/sample1.clean.txt
    output: results/sample1.summary.txt
    jobid: 1
    reason: Missing output files: results/sample1.summary.txt; Input files updated by another job: results/sample1.clean.txt
    wildcards: sample=sample1
    resources: tmpdir=/tmp


[Tue Oct 21 16:38:08 2025]
localrule summarize:
    input: results/sample3.clean.txt
    output: results/sample3.summary.txt
    jobid: 5
    reason: Missing output files: results/sample3.summary.txt; Input files updated by another job: results/sample3.clean.txt
    wildcards: sample=sample3
    resources: tmpdir=/tmp

[Tue Oct 21 16:38:08 2025]
Finished job 3.
4 of 7 steps (57%) done
[Tue Oct 21 16:38:08 2025]
Finished job 1.
5 of 7 steps (71%) done
[Tue Oct 21 16:38:08 2025]
Finished job 5.
6 of 7 steps (86%) done
Select jobs to execute...
Execute 1 jobs...

[Tue Oct 21 16:38:08 2025]
localrule all:
    input: results/sample1.summary.txt, results/sample2.summary.txt, results/sample3.summary.txt
    jobid: 0
    reason: Input files updated by another job: results/sample1.summary.txt, results/sample3.summary.txt, results/sample2.summary.txt
    resources: tmpdir=/tmp

[Tue Oct 21 16:38:08 2025]
Finished job 0.
7 of 7 steps (100%) done
Complete log: .snakemake/log/2025-10-21T163808.342379.snakemake.log
