Building DAG of jobs...
SLURM run ID: 28af41dd-c9d5-41fe-94c5-cd708bfc2483
Using shell: /usr/bin/bash
Provided remote nodes: 100
Job stats:
job          count
---------  -------
all              1
clean            3
summarize        3
total            7

Select jobs to execute...
Execute 3 jobs...

[Tue Oct 21 17:20:08 2025]
rule clean:
    input: data/sample1.txt
    output: results/sample1.clean.txt
    jobid: 2
    reason: Missing output files: results/sample1.clean.txt
    wildcards: sample=sample1
    resources: mem_mb=2000, mem_mib=1908, disk_mb=1000, disk_mib=954, tmpdir=<TBD>, slurm_account=mpaauw, runtime=30, cpus_per_task=1

WorkflowError:
The given account mpaauw appears to be invalid. Available accounts:
linuxusers
