Building DAG of jobs...
SLURM run ID: ff91642d-eae1-4e27-b9ce-0839641a9dd5
Using shell: /usr/bin/bash
Provided remote nodes: 100
Job stats:
job          count
---------  -------
all              1
clean            3
summarize        3
total            7

Select jobs to execute...
Execute 3 jobs...

[Tue Oct 21 17:20:35 2025]
rule clean:
    input: data/sample1.txt
    output: results/sample1.clean.txt
    jobid: 2
    reason: Missing output files: results/sample1.clean.txt
    wildcards: sample=sample1
    resources: mem_mb=2000, mem_mib=1908, disk_mb=1000, disk_mib=954, tmpdir=<TBD>, runtime=30, cpus_per_task=1

No SLURM account given, trying to guess.
Guessed SLURM account: linuxusers
Job 2 has been submitted with SLURM jobid 212901 (log: /zfs/omics/personal/mpaauw/DS/snakemake-practice/.snakemake/slurm_logs/rule_clean/212901_sample1.log).

[Tue Oct 21 17:20:35 2025]
rule clean:
    input: data/sample3.txt
    output: results/sample3.clean.txt
    jobid: 6
    reason: Missing output files: results/sample3.clean.txt
    wildcards: sample=sample3
    resources: mem_mb=2000, mem_mib=1908, disk_mb=1000, disk_mib=954, tmpdir=<TBD>, runtime=30, cpus_per_task=1

Job 6 has been submitted with SLURM jobid 212902 (log: /zfs/omics/personal/mpaauw/DS/snakemake-practice/.snakemake/slurm_logs/rule_clean/212902_sample3.log).

[Tue Oct 21 17:20:35 2025]
rule clean:
    input: data/sample2.txt
    output: results/sample2.clean.txt
    jobid: 4
    reason: Missing output files: results/sample2.clean.txt
    wildcards: sample=sample2
    resources: mem_mb=2000, mem_mib=1908, disk_mb=1000, disk_mib=954, tmpdir=<TBD>, runtime=30, cpus_per_task=1

Job 4 has been submitted with SLURM jobid 212903 (log: /zfs/omics/personal/mpaauw/DS/snakemake-practice/.snakemake/slurm_logs/rule_clean/212903_sample2.log).
Terminating processes on user request, this might take some time.
