Building DAG of jobs...
SLURM run ID: 7c8f9aa2-a3da-4326-bc01-1b9697faab5d
Using shell: /usr/bin/bash
Provided remote nodes: 100
Job stats:
job          count
---------  -------
all              1
clean            3
summarize        3
total            7

Select jobs to execute...
Execute 3 jobs...

[Tue Oct 21 17:27:32 2025]
rule clean:
    input: data/sample1.txt
    output: results/sample1.clean.txt
    jobid: 2
    reason: Missing output files: results/sample1.clean.txt
    wildcards: sample=sample1
    resources: mem_mb=2000, mem_mib=1908, disk_mb=1000, disk_mib=954, tmpdir=<TBD>, runtime=60, cpus_per_task=1

No SLURM account given, trying to guess.
Guessed SLURM account: linuxusers
Job 2 has been submitted with SLURM jobid 212922 (log: /zfs/omics/personal/mpaauw/DS/snakemake-practice/.snakemake/slurm_logs/rule_clean/212922_sample1.log).

[Tue Oct 21 17:27:32 2025]
rule clean:
    input: data/sample3.txt
    output: results/sample3.clean.txt
    jobid: 6
    reason: Missing output files: results/sample3.clean.txt
    wildcards: sample=sample3
    resources: mem_mb=2000, mem_mib=1908, disk_mb=1000, disk_mib=954, tmpdir=<TBD>, runtime=60, cpus_per_task=1

Job 6 has been submitted with SLURM jobid 212923 (log: /zfs/omics/personal/mpaauw/DS/snakemake-practice/.snakemake/slurm_logs/rule_clean/212923_sample3.log).

[Tue Oct 21 17:27:32 2025]
rule clean:
    input: data/sample2.txt
    output: results/sample2.clean.txt
    jobid: 4
    reason: Missing output files: results/sample2.clean.txt
    wildcards: sample=sample2
    resources: mem_mb=2000, mem_mib=1908, disk_mb=1000, disk_mib=954, tmpdir=<TBD>, runtime=60, cpus_per_task=1

Job 4 has been submitted with SLURM jobid 212924 (log: /zfs/omics/personal/mpaauw/DS/snakemake-practice/.snakemake/slurm_logs/rule_clean/212924_sample2.log).
Waiting at most 2 seconds for missing files.
MissingOutputException in rule clean in file /zfs/omics/personal/mpaauw/DS/snakemake-practice/Snakefile, line 7:
Job 2  completed successfully, but some output files are missing. Missing files after 2 seconds. This might be due to filesystem latency. If that is the case, consider to increase the wait time with --latency-wait:
results/sample1.clean.txt (missing locally, parent dir contents: sample2.clean.txt, sample3.clean.txt, sample1.clean.txt)
Removing output files of failed job clean since they might be corrupted:
results/sample1.clean.txt
Trying to restart job 2.
[Tue Oct 21 17:28:14 2025]
Finished job 6.
1 of 7 steps (14%) done
[Tue Oct 21 17:28:14 2025]
Finished job 4.
2 of 7 steps (29%) done
Select jobs to execute...
Execute 3 jobs...

[Tue Oct 21 17:28:14 2025]
rule clean:
    input: data/sample1.txt
    output: results/sample1.clean.txt
    jobid: 2
    reason: Missing output files: results/sample1.clean.txt
    wildcards: sample=sample1
    resources: mem_mb=2000, mem_mib=1908, disk_mb=1000, disk_mib=954, tmpdir=<TBD>, runtime=60, cpus_per_task=1

Job 2 has been submitted with SLURM jobid 212925 (log: /zfs/omics/personal/mpaauw/DS/snakemake-practice/.snakemake/slurm_logs/rule_clean/212925_sample1.log).

[Tue Oct 21 17:28:14 2025]
rule summarize:
    input: results/sample3.clean.txt
    output: results/sample3.summary.txt
    jobid: 5
    reason: Missing output files: results/sample3.summary.txt; Input files updated by another job: results/sample3.clean.txt
    wildcards: sample=sample3
    resources: mem_mb=1000, mem_mib=954, disk_mb=1000, disk_mib=954, tmpdir=<TBD>, runtime=60, cpus_per_task=1

Job 5 has been submitted with SLURM jobid 212926 (log: /zfs/omics/personal/mpaauw/DS/snakemake-practice/.snakemake/slurm_logs/rule_summarize/212926_sample3.log).

[Tue Oct 21 17:28:14 2025]
rule summarize:
    input: results/sample2.clean.txt
    output: results/sample2.summary.txt
    jobid: 3
    reason: Missing output files: results/sample2.summary.txt; Input files updated by another job: results/sample2.clean.txt
    wildcards: sample=sample2
    resources: mem_mb=1000, mem_mib=954, disk_mb=1000, disk_mib=954, tmpdir=<TBD>, runtime=60, cpus_per_task=1

Job 3 has been submitted with SLURM jobid 212927 (log: /zfs/omics/personal/mpaauw/DS/snakemake-practice/.snakemake/slurm_logs/rule_summarize/212927_sample2.log).
Waiting at most 2 seconds for missing files.
MissingOutputException in rule clean in file /zfs/omics/personal/mpaauw/DS/snakemake-practice/Snakefile, line 7:
Job 2  completed successfully, but some output files are missing. Missing files after 2 seconds. This might be due to filesystem latency. If that is the case, consider to increase the wait time with --latency-wait:
results/sample1.clean.txt (missing locally, parent dir contents: sample3.summary.txt, sample2.summary.txt, sample2.clean.txt, sample3.clean.txt, sample1.clean.txt)
Removing output files of failed job clean since they might be corrupted:
results/sample1.clean.txt
Trying to restart job 2.
[Tue Oct 21 17:28:24 2025]
Finished job 5.
3 of 7 steps (43%) done
Removing temporary output results/sample3.clean.txt.
[Tue Oct 21 17:28:24 2025]
Finished job 3.
4 of 7 steps (57%) done
Removing temporary output results/sample2.clean.txt.
Select jobs to execute...
Execute 1 jobs...

[Tue Oct 21 17:28:24 2025]
rule clean:
    input: data/sample1.txt
    output: results/sample1.clean.txt
    jobid: 2
    reason: Missing output files: results/sample1.clean.txt
    wildcards: sample=sample1
    resources: mem_mb=2000, mem_mib=1908, disk_mb=1000, disk_mib=954, tmpdir=<TBD>, runtime=60, cpus_per_task=1

Job 2 has been submitted with SLURM jobid 212928 (log: /zfs/omics/personal/mpaauw/DS/snakemake-practice/.snakemake/slurm_logs/rule_clean/212928_sample1.log).
Waiting at most 2 seconds for missing files.
MissingOutputException in rule clean in file /zfs/omics/personal/mpaauw/DS/snakemake-practice/Snakefile, line 7:
Job 2  completed successfully, but some output files are missing. Missing files after 2 seconds. This might be due to filesystem latency. If that is the case, consider to increase the wait time with --latency-wait:
results/sample1.clean.txt (missing locally, parent dir contents: sample3.summary.txt, sample2.summary.txt, sample1.clean.txt)
Removing output files of failed job clean since they might be corrupted:
results/sample1.clean.txt
Trying to restart job 2.
Select jobs to execute...
Execute 1 jobs...

[Tue Oct 21 17:28:34 2025]
rule clean:
    input: data/sample1.txt
    output: results/sample1.clean.txt
    jobid: 2
    reason: Missing output files: results/sample1.clean.txt
    wildcards: sample=sample1
    resources: mem_mb=2000, mem_mib=1908, disk_mb=1000, disk_mib=954, tmpdir=<TBD>, runtime=60, cpus_per_task=1

Job 2 has been submitted with SLURM jobid 212929 (log: /zfs/omics/personal/mpaauw/DS/snakemake-practice/.snakemake/slurm_logs/rule_clean/212929_sample1.log).
Waiting at most 2 seconds for missing files.
Terminating processes on user request, this might take some time.
